<?xml version="1.0" encoding="UTF-8"?>
<!-- Generated by org.testng.reporters.JUnitXMLReporter -->
<testsuite ignored="3" hostname="LAPTOP-RQPAENCM" failures="0" tests="1" name="Default test" time="101.084" errors="0" timestamp="21 Jun 2021 05:58:50 GMT">
  <testcase classname="ApiDemoTest2" name="progressBars" time="22.778"/>
  <testcase classname="ApiDemoTest2" name="viewsTest" time="0.0">
    <ignored/>
  </testcase> <!-- viewsTest -->
  <testcase classname="ApiDemoTest2" name="popUpMenu" time="0.0">
    <ignored/>
  </testcase> <!-- popUpMenu -->
  <testcase classname="ApiDemoTest2" name="dragging" time="0.0">
    <ignored/>
  </testcase> <!-- dragging -->
</testsuite> <!-- Default test -->
