<?xml version="1.0" encoding="UTF-8"?>
<!-- Generated by org.testng.reporters.JUnitXMLReporter -->
<testsuite ignored="0" hostname="LAPTOP-RQPAENCM" failures="0" tests="3" name="Test" time="30.892" errors="0" timestamp="15 Jun 2021 14:38:57 GMT">
  <testcase classname="commons.TestBase" name="@AfterMethod stopService" time="0.0">
    <failure type="java.lang.NullPointerException">
      <![CDATA[java.lang.NullPointerException
at commons.TestBase.stopService(TestBase.java:107)
... Removed 28 stack frames]]>
    </failure>
  </testcase> <!-- @AfterMethod stopService -->
  <testcase classname="commons.TestBase" name="@BeforeMethod setUp" time="0.0">
    <skipped/>
  </testcase> <!-- @BeforeMethod setUp -->
  <testcase classname="commons.TestBase" name="@AfterMethod stopService" time="0.0">
    <skipped/>
  </testcase> <!-- @AfterMethod stopService -->
  <testcase classname="commons.TestBase" name="@BeforeMethod setUp" time="0.0">
    <skipped/>
  </testcase> <!-- @BeforeMethod setUp -->
  <testcase classname="commons.TestBase" name="@AfterMethod stopService" time="0.0">
    <skipped/>
  </testcase> <!-- @AfterMethod stopService -->
  <testcase classname="ApiDemoTest2" name="gallery" time="4.287"/>
  <testcase classname="ApiDemoTest2" name="rotatingButton" time="0.0">
    <skipped/>
  </testcase> <!-- rotatingButton -->
  <testcase classname="ApiDemoTest2" name="viewsTest" time="0.0">
    <skipped/>
  </testcase> <!-- viewsTest -->
</testsuite> <!-- Test -->
