<?xml version="1.0" encoding="UTF-8"?>
<!-- Generated by org.testng.reporters.JUnitXMLReporter -->
<testsuite ignored="0" hostname="LAPTOP-RQPAENCM" failures="0" tests="8" name="Test" time="384.961" errors="0" timestamp="18 Jun 2021 10:30:13 GMT">
  <testcase classname="ApiDemoTest" name="apiDemoTest" time="10.152"/>
  <testcase classname="ApiDemoTest" name="apiDemoTest" time="9.959"/>
  <testcase classname="ApiDemoTest" name="contentTest" time="22.325"/>
  <testcase classname="ApiDemoTest" name="osTest" time="8.263"/>
  <testcase classname="ApiDemoTest2" name="dragging" time="27.456"/>
  <testcase classname="ApiDemoTest2" name="popUpMenu" time="26.495"/>
  <testcase classname="ApiDemoTest2" name="progressBars" time="23.28"/>
  <testcase classname="ApiDemoTest2" name="viewsTest" time="27.267"/>
</testsuite> <!-- Test -->
