<?xml version="1.0" encoding="UTF-8"?>
<testng-results ignored="0" total="5" passed="5" failed="0" skipped="0">
  <reporter-output>
  </reporter-output>
  <suite started-at="2021-06-15T05:40:15Z" name="Suite" finished-at="2021-06-15T05:45:37Z" duration-ms="321399">
    <groups>
    </groups>
    <test started-at="2021-06-15T05:40:15Z" name="Test" finished-at="2021-06-15T05:45:37Z" duration-ms="321399">
      <class name="ApiDemoTest">
        <test-method is-config="true" signature="setUp()[pri:0, instance:ApiDemoTest@1f53a5dc]" started-at="2021-06-15T05:40:15Z" name="setUp" finished-at="2021-06-15T05:41:40Z" duration-ms="84614" status="PASS">
          <reporter-output>
          </reporter-output>
        </test-method> <!-- setUp -->
        <test-method signature="apiDemoTest(java.lang.String)[pri:0, instance:ApiDemoTest@1f53a5dc]" started-at="2021-06-15T05:41:40Z" name="apiDemoTest" data-provider="InputData" finished-at="2021-06-15T05:41:50Z" duration-ms="10463" status="PASS">
          <params>
            <param index="0">
              <value>
                <![CDATA[hello]]>
              </value>
            </param>
          </params>
          <reporter-output>
          </reporter-output>
        </test-method> <!-- apiDemoTest -->
        <test-method is-config="true" signature="stopService()[pri:0, instance:ApiDemoTest@1f53a5dc]" started-at="2021-06-15T05:41:50Z" name="stopService" finished-at="2021-06-15T05:41:50Z" duration-ms="56" status="PASS">
          <reporter-output>
          </reporter-output>
        </test-method> <!-- stopService -->
        <test-method is-config="true" signature="setUp()[pri:0, instance:ApiDemoTest@1f53a5dc]" started-at="2021-06-15T05:41:50Z" name="setUp" finished-at="2021-06-15T05:42:23Z" duration-ms="32497" status="PASS">
          <reporter-output>
          </reporter-output>
        </test-method> <!-- setUp -->
        <test-method signature="apiDemoTest(java.lang.String)[pri:0, instance:ApiDemoTest@1f53a5dc]" started-at="2021-06-15T05:42:23Z" name="apiDemoTest" data-provider="InputData" finished-at="2021-06-15T05:42:30Z" duration-ms="7466" status="PASS">
          <params>
            <param index="0">
              <value>
                <![CDATA[@#$%]]>
              </value>
            </param>
          </params>
          <reporter-output>
          </reporter-output>
        </test-method> <!-- apiDemoTest -->
        <test-method is-config="true" signature="stopService()[pri:0, instance:ApiDemoTest@1f53a5dc]" started-at="2021-06-15T05:42:30Z" name="stopService" finished-at="2021-06-15T05:42:30Z" duration-ms="50" status="PASS">
          <reporter-output>
          </reporter-output>
        </test-method> <!-- stopService -->
        <test-method is-config="true" signature="setUp()[pri:0, instance:ApiDemoTest@1f53a5dc]" started-at="2021-06-15T05:42:30Z" name="setUp" finished-at="2021-06-15T05:43:03Z" duration-ms="32428" status="PASS">
          <reporter-output>
          </reporter-output>
        </test-method> <!-- setUp -->
        <test-method signature="contentTest()[pri:0, instance:ApiDemoTest@1f53a5dc]" started-at="2021-06-15T05:43:03Z" name="contentTest" finished-at="2021-06-15T05:44:07Z" duration-ms="64148" status="PASS">
          <reporter-output>
          </reporter-output>
        </test-method> <!-- contentTest -->
        <test-method is-config="true" signature="stopService()[pri:0, instance:ApiDemoTest@1f53a5dc]" started-at="2021-06-15T05:44:07Z" name="stopService" finished-at="2021-06-15T05:44:07Z" duration-ms="62" status="PASS">
          <reporter-output>
          </reporter-output>
        </test-method> <!-- stopService -->
        <test-method is-config="true" signature="setUp()[pri:0, instance:ApiDemoTest@1f53a5dc]" started-at="2021-06-15T05:44:07Z" name="setUp" finished-at="2021-06-15T05:44:50Z" duration-ms="42722" status="PASS">
          <reporter-output>
          </reporter-output>
        </test-method> <!-- setUp -->
        <test-method signature="osTest()[pri:0, instance:ApiDemoTest@1f53a5dc]" started-at="2021-06-15T05:44:50Z" name="osTest" finished-at="2021-06-15T05:44:56Z" duration-ms="6133" status="PASS">
          <reporter-output>
          </reporter-output>
        </test-method> <!-- osTest -->
        <test-method is-config="true" signature="stopService()[pri:0, instance:ApiDemoTest@1f53a5dc]" started-at="2021-06-15T05:44:56Z" name="stopService" finished-at="2021-06-15T05:44:56Z" duration-ms="53" status="PASS">
          <reporter-output>
          </reporter-output>
        </test-method> <!-- stopService -->
        <test-method is-config="true" signature="setUp()[pri:0, instance:ApiDemoTest@1f53a5dc]" started-at="2021-06-15T05:44:56Z" name="setUp" finished-at="2021-06-15T05:45:31Z" duration-ms="35419" status="PASS">
          <reporter-output>
          </reporter-output>
        </test-method> <!-- setUp -->
        <test-method signature="viewsTest()[pri:0, instance:ApiDemoTest@1f53a5dc]" started-at="2021-06-15T05:45:31Z" name="viewsTest" finished-at="2021-06-15T05:45:37Z" duration-ms="5203" status="PASS">
          <reporter-output>
          </reporter-output>
        </test-method> <!-- viewsTest -->
        <test-method is-config="true" signature="stopService()[pri:0, instance:ApiDemoTest@1f53a5dc]" started-at="2021-06-15T05:45:37Z" name="stopService" finished-at="2021-06-15T05:45:37Z" duration-ms="50" status="PASS">
          <reporter-output>
          </reporter-output>
        </test-method> <!-- stopService -->
      </class> <!-- ApiDemoTest -->
    </test> <!-- Test -->
  </suite> <!-- Suite -->
</testng-results>
