<?xml version="1.0" encoding="UTF-8"?>
<testsuite xmlns:xsi="http://www.w3.org/2001/XMLSchema-instance" xsi:noNamespaceSchemaLocation="https://maven.apache.org/surefire/maven-surefire-plugin/xsd/surefire-test-report-3.0.xsd" version="3.0" name="TestSuite" time="97.606" tests="3" errors="0" skipped="0" failures="0">
  <properties>
[...]
</properties>
  <testcase name="apiDemoTest[hello](1)" classname="ApiDemoTest" time="7.724">
    <system-out><![CDATA[[TestNGContentHandler] [WARN] It is strongly recommended to add "<!DOCTYPE suite SYSTEM "http://testng.org/testng-1.0.dtd" >" at the top of your file, otherwise TestNG may fail or not work as expected.
&amp#27;[35m[Appium]&amp#27;[39m Welcome to Appium v1.21.0
&amp#27;[35m[Appium]&amp#27;[39m Appium REST http interface listener started on 0.0.0.0:4723
&amp#27;[35m[HTTP]&amp#27;[39m &amp#27;[37m-->&amp#27;[39m &amp#27;[37mGET&amp#27;[39m &amp#27;[37m/wd/hub/status&amp#27;[39m
&amp#27;[35m[HTTP]&amp#27;[39m &amp#27;[90m{}&amp#27;[39m
[debug] &amp#27;[35m[GENERIC]&amp#27;[39m Calling AppiumDriver.getStatus() with args: []
[debug] &amp#27;[35m[GENERIC]&amp#27;[39m Responding to client with driver.getStatus() result: {"build":{"version":"1.21.0"}}
&amp#27;[35m[HTTP]&amp#27;[39m &amp#27;[37m<-- GET /wd/hub/status &amp#27;[39m&amp#27;[32m200&amp#27;[39m &amp#27;[90m8 ms - 68&amp#27;[39m
&amp#27;[35m[HTTP]&amp#27;[39m &amp#27;[90m&amp#27;[39m
&amp#27;[35m[HTTP]&amp#27;[39m &amp#27;[37m-->&amp#27;[39m &amp#27;[37mPOST&amp#27;[39m &amp#27;[37m/wd/hub/session&amp#27;[39m
&amp#27;[35m[HTTP]&amp#27;[39m &amp#27;[90m{"desiredCapabilities":{"app":"C:\\Users\\Anis\\eclipse-workspace\\Appium\\src\\ApiDemos-debug.apk","platformName":"Android","deviceName":"Redmi","newCommandTimeout":14},"capabilities":{"firstMatch":[{"appium:app":"C:\\Users\\Anis\\eclipse-workspace\\Appium\\src\\ApiDemos-debug.apk","appium:deviceName":"Redmi","appium:newCommandTimeout":14,"platformName":"android"}]}}&amp#27;[39m
[debug] &amp#27;[35m[W3C]&amp#27;[39m Calling AppiumDriver.createSession() with args: [{"app":"C:\\Users\\Anis\\eclipse-workspace\\Appium\\src\\ApiDemos-debug.apk","platformName":"Android","deviceName":"Redmi","newCommandTimeout":14},null,{"firstMatch":[{"appium:app":"C:\\Users\\Anis\\eclipse-workspace\\Appium\\src\\ApiDemos-debug.apk","appium:deviceName":"Redmi","appium:newCommandTimeout":14,"platformName":"android"}]}]
[debug] &amp#27;[35m[BaseDriver]&amp#27;[39m Event 'newSessionRequested' logged at 1623134668158 (12:14:28 GMT+0530 (India Standard Time))
&amp#27;[35m[Appium]&amp#27;[39m 
&amp#27;[35m[Appium]&amp#27;[39m ======================================================================
&amp#27;[35m[Appium]&amp#27;[39m   DEPRECATION WARNING:
&amp#27;[35m[Appium]&amp#27;[39m 
&amp#27;[35m[Appium]&amp#27;[39m   The 'automationName' capability was not provided in the desired 
&amp#27;[35m[Appium]&amp#27;[39m   capabilities for this Android session
&amp#27;[35m[Appium]&amp#27;[39m 
&amp#27;[35m[Appium]&amp#27;[39m   Setting 'automationName=UiAutomator2' by default and using the 
&amp#27;[35m[Appium]&amp#27;[39m   UiAutomator2 Driver
&amp#27;[35m[Appium]&amp#27;[39m 
&amp#27;[35m[Appium]&amp#27;[39m   The next major version of Appium (2.x) will **require** the 
&amp#27;[35m[Appium]&amp#27;[39m   'automationName' capability to be set for all sessions on all 
&amp#27;[35m[Appium]&amp#27;[39m   platforms
&amp#27;[35m[Appium]&amp#27;[39m 
&amp#27;[35m[Appium]&amp#27;[39m   In previous versions (Appium <= 1.13.x), the default was 
&amp#27;[35m[Appium]&amp#27;[39m   'automationName=UiAutomator1'
&amp#27;[35m[Appium]&amp#27;[39m 
&amp#27;[35m[Appium]&amp#27;[39m   If you wish to use that automation instead of UiAutomator2, please 
&amp#27;[35m[Appium]&amp#27;[39m   add 'automationName=UiAutomator1' to your desired capabilities
&amp#27;[35m[Appium]&amp#27;[39m 
&amp#27;[35m[Appium]&amp#27;[39m   For more information about drivers, please visit 
&amp#27;[35m[Appium]&amp#27;[39m   http://appium.io/docs/en/about-appium/intro/ and explore the 
&amp#27;[35m[Appium]&amp#27;[39m   'Drivers' menu
&amp#27;[35m[Appium]&amp#27;[39m 
&amp#27;[35m[Appium]&amp#27;[39m ======================================================================
&amp#27;[35m[Appium]&amp#27;[39m 
&amp#27;[35m[Appium]&amp#27;[39m Appium v1.21.0 creating new AndroidUiautomator2Driver (v1.65.0) session
[debug] &amp#27;[35m[BaseDriver]&amp#27;[39m W3C capabilities and MJSONWP desired capabilities were provided
[debug] &amp#27;[35m[BaseDriver]&amp#27;[39m Creating session with W3C capabilities: {
[debug] &amp#27;[35m[BaseDriver]&amp#27;[39m   "alwaysMatch": {
[debug] &amp#27;[35m[BaseDriver]&amp#27;[39m     "platformName": "android",
[debug] &amp#27;[35m[BaseDriver]&amp#27;[39m     "appium:app": "C:\\Users\\Anis\\eclipse-workspace\\Appium\\src\\ApiDemos-debug.apk",
[debug] &amp#27;[35m[BaseDriver]&amp#27;[39m     "appium:deviceName": "Redmi",
[debug] &amp#27;[35m[BaseDriver]&amp#27;[39m     "appium:newCommandTimeout": 14
[debug] &amp#27;[35m[BaseDriver]&amp#27;[39m   },
[debug] &amp#27;[35m[BaseDriver]&amp#27;[39m   "firstMatch": [
[debug] &amp#27;[35m[BaseDriver]&amp#27;[39m     {}
[debug] &amp#27;[35m[BaseDriver]&amp#27;[39m   ]
[debug] &amp#27;[35m[BaseDriver]&amp#27;[39m }
&amp#27;[35m[BaseDriver]&amp#27;[39m Session created with session id: 4767bb73-8eb9-49d9-a2bd-8e2b83c77716
&amp#27;[35m[BaseDriver]&amp#27;[39m Using local app 'C:\Users\Anis\eclipse-workspace\Appium\src\ApiDemos-debug.apk'
[debug] &amp#27;[35m[UiAutomator2]&amp#27;[39m Checking whether app is actually present
&amp#27;[35m[ADB]&amp#27;[39m Found 2 'build-tools' folders under 'C:\Users\Anis\AppData\Local\Android\Sdk' (newest first):
&amp#27;[35m[ADB]&amp#27;[39m     C:/Users/Anis/AppData/Local/Android/Sdk/build-tools/31.0.0-rc4
&amp#27;[35m[ADB]&amp#27;[39m     C:/Users/Anis/AppData/Local/Android/Sdk/build-tools/30.0.3
&amp#27;[35m[ADB]&amp#27;[39m Using 'adb.exe' from 'C:\Users\Anis\AppData\Local\Android\Sdk\platform-tools\adb.exe'
[debug] &amp#27;[35m[ADB]&amp#27;[39m Running 'C:\Users\Anis\AppData\Local\Android\Sdk\platform-tools\adb.exe -P 5037 start-server'
&amp#27;[35m[AndroidDriver]&amp#27;[39m Retrieving device list
[debug] &amp#27;[35m[ADB]&amp#27;[39m Trying to find a connected android device
[debug] &amp#27;[35m[ADB]&amp#27;[39m Getting connected devices
[debug] &amp#27;[35m[ADB]&amp#27;[39m Connected devices: [{"udid":"55272e729804","state":"device"}]
&amp#27;[35m[AndroidDriver]&amp#27;[39m Using device: 55272e729804
&amp#27;[35m[ADB]&amp#27;[39m Using 'adb.exe' from 'C:\Users\Anis\AppData\Local\Android\Sdk\platform-tools\adb.exe'
[debug] &amp#27;[35m[ADB]&amp#27;[39m Running 'C:\Users\Anis\AppData\Local\Android\Sdk\platform-tools\adb.exe -P 5037 start-server'
[debug] &amp#27;[35m[ADB]&amp#27;[39m Setting device id to 55272e729804
[debug] &amp#27;[35m[ADB]&amp#27;[39m Running 'C:\Users\Anis\AppData\Local\Android\Sdk\platform-tools\adb.exe -P 5037 -s 55272e729804 shell getprop ro.build.version.sdk'
[debug] &amp#27;[35m[ADB]&amp#27;[39m Current device property 'ro.build.version.sdk': 24
[debug] &amp#27;[35m[ADB]&amp#27;[39m Device API level: 24
[debug] &amp#27;[35m[AndroidDriver]&amp#27;[39m Parsing package and activity from app manifest
&amp#27;[35m[ADB]&amp#27;[39m Package name: 'io.appium.android.apis'
&amp#27;[35m[ADB]&amp#27;[39m Main activity name: 'ApiDemos'
[debug] &amp#27;[35m[AndroidDriver]&amp#27;[39m Parsed package and activity are: io.appium.android.apis/ApiDemos
[debug] &amp#27;[35m[ADB]&amp#27;[39m Running 'C:\Users\Anis\AppData\Local\Android\Sdk\platform-tools\adb.exe -P 5037 -s 55272e729804 wait-for-device'
[debug] &amp#27;[35m[ADB]&amp#27;[39m Running 'C:\Users\Anis\AppData\Local\Android\Sdk\platform-tools\adb.exe -P 5037 -s 55272e729804 shell echo ping'
[debug] &amp#27;[35m[AndroidDriver]&amp#27;[39m Pushing settings apk to device...
[debug] &amp#27;[35m[ADB]&amp#27;[39m Getting install status for io.appium.settings
[debug] &amp#27;[35m[ADB]&amp#27;[39m Running 'C:\Users\Anis\AppData\Local\Android\Sdk\platform-tools\adb.exe -P 5037 -s 55272e729804 shell dumpsys package io.appium.settings'
[debug] &amp#27;[35m[ADB]&amp#27;[39m 'io.appium.settings' is installed
[debug] &amp#27;[35m[ADB]&amp#27;[39m Getting package info for 'io.appium.settings'
[debug] &amp#27;[35m[ADB]&amp#27;[39m Running 'C:\Users\Anis\AppData\Local\Android\Sdk\platform-tools\adb.exe -P 5037 -s 55272e729804 shell dumpsys package io.appium.settings'
[debug] &amp#27;[35m[ADB]&amp#27;[39m The version name of the installed 'io.appium.settings' is greater or equal to the application version name ('3.3.0' >= '3.3.0')
[debug] &amp#27;[35m[ADB]&amp#27;[39m There is no need to install/upgrade 'C:\Users\Anis\AppData\Roaming\npm\node_modules\appium\node_modules\io.appium.settings\apks\settings_apk-debug.apk'
[debug] &amp#27;[35m[ADB]&amp#27;[39m Getting IDs of all 'io.appium.settings' processes
[debug] &amp#27;[35m[ADB]&amp#27;[39m Running 'C:\Users\Anis\AppData\Local\Android\Sdk\platform-tools\adb.exe -P 5037 -s 55272e729804 shell 'pgrep --help; echo $?''
[debug] &amp#27;[35m[ADB]&amp#27;[39m Running 'C:\Users\Anis\AppData\Local\Android\Sdk\platform-tools\adb.exe -P 5037 -s 55272e729804 shell 'pgrep ^appium\\.settings$ || pgrep ^io\\.appium\\.setti$''
[debug] &amp#27;[35m[ADB]&amp#27;[39m Getting IDs of all 'io.appium.settings' processes
[debug] &amp#27;[35m[ADB]&amp#27;[39m Running 'C:\Users\Anis\AppData\Local\Android\Sdk\platform-tools\adb.exe -P 5037 -s 55272e729804 shell 'pgrep ^appium\\.settings$ || pgrep ^io\\.appium\\.setti$''
[debug] &amp#27;[35m[ADB]&amp#27;[39m Starting Appium Settings app
[debug] &amp#27;[35m[ADB]&amp#27;[39m Running 'C:\Users\Anis\AppData\Local\Android\Sdk\platform-tools\adb.exe -P 5037 -s 55272e729804 shell am start -n io.appium.settings/.Settings -a android.intent.action.MAIN -c android.intent.category.LAUNCHER'
[debug] &amp#27;[35m[ADB]&amp#27;[39m Getting IDs of all 'io.appium.settings' processes
[debug] &amp#27;[35m[ADB]&amp#27;[39m Running 'C:\Users\Anis\AppData\Local\Android\Sdk\platform-tools\adb.exe -P 5037 -s 55272e729804 shell 'pgrep ^appium\\.settings$ || pgrep ^io\\.appium\\.setti$''
[debug] &amp#27;[35m[ADB]&amp#27;[39m Running 'C:\Users\Anis\AppData\Local\Android\Sdk\platform-tools\adb.exe -P 5037 -s 55272e729804 shell appops set io.appium.settings android:mock_location allow'
[debug] &amp#27;[35m[Logcat]&amp#27;[39m Starting logs capture with command: C:\\Users\\Anis\\AppData\\Local\\Android\\Sdk\\platform-tools\\adb.exe -P 5037 -s 55272e729804 logcat -v threadtime
[debug] &amp#27;[35m[UiAutomator2]&amp#27;[39m Forwarding UiAutomator2 Server port 6790 to local port 8206
[debug] &amp#27;[35m[ADB]&amp#27;[39m Forwarding system: 8206 to device: 6790
[debug] &amp#27;[35m[ADB]&amp#27;[39m Running 'C:\Users\Anis\AppData\Local\Android\Sdk\platform-tools\adb.exe -P 5037 -s 55272e729804 forward tcp:8206 tcp:6790'
[debug] &amp#27;[35m[ADB]&amp#27;[39m Getting install status for io.appium.uiautomator2.server
[debug] &amp#27;[35m[ADB]&amp#27;[39m Running 'C:\Users\Anis\AppData\Local\Android\Sdk\platform-tools\adb.exe -P 5037 -s 55272e729804 shell dumpsys package io.appium.uiautomator2.server'
[debug] &amp#27;[35m[ADB]&amp#27;[39m 'io.appium.uiautomator2.server' is installed
[debug] &amp#27;[35m[ADB]&amp#27;[39m Getting package info for 'io.appium.uiautomator2.server'
[debug] &amp#27;[35m[ADB]&amp#27;[39m Running 'C:\Users\Anis\AppData\Local\Android\Sdk\platform-tools\adb.exe -P 5037 -s 55272e729804 shell dumpsys package io.appium.uiautomator2.server'
[debug] &amp#27;[35m[ADB]&amp#27;[39m The version name of the installed 'io.appium.uiautomator2.server' is greater or equal to the application version name ('4.21.1' >= '4.21.1')
[debug] &amp#27;[35m[UiAutomator2]&amp#27;[39m io.appium.uiautomator2.server installation state: sameVersionInstalled
[debug] &amp#27;[35m[ADB]&amp#27;[39m Checking app cert for C:\Users\Anis\AppData\Roaming\npm\node_modules\appium\node_modules\appium-uiautomator2-server\apks\appium-uiautomator2-server-v4.21.1.apk
&amp#27;[35m[ADB]&amp#27;[39m Using 'apksigner.jar' from 'C:\Users\Anis\AppData\Local\Android\Sdk\build-tools\31.0.0-rc4\lib\apksigner.jar'
[debug] &amp#27;[35m[ADB]&amp#27;[39m Starting apksigner: 'C:\\Program Files\\Java\\jdk-11.0.11\\bin\\java.exe' -Xmx1024M -Xss1m -jar C:\\Users\\Anis\\AppData\\Local\\Android\\Sdk\\build-tools\\31.0.0-rc4\\lib\\apksigner.jar verify --print-certs C:\\Users\\Anis\\AppData\\Roaming\\npm\\node_modules\\appium\\node_modules\\appium-uiautomator2-server\\apks\\appium-uiautomator2-server-v4.21.1.apk
[debug] &amp#27;[35m[ADB]&amp#27;[39m apksigner stdout: Signer #1 certificate DN: EMAILADDRESS=android@android.com, CN=Android, OU=Android, O=Android, L=Mountain View, ST=California, C=US
[debug] &amp#27;[35m[ADB]&amp#27;[39m Signer #1 certificate SHA-256 digest: a40da80a59d170caa950cf15c18c454d47a39b26989d8b640ecd745ba71bf5dc
[debug] &amp#27;[35m[ADB]&amp#27;[39m Signer #1 certificate SHA-1 digest: 61ed377e85d386a8dfee6b864bd85b0bfaa5af81
[debug] &amp#27;[35m[ADB]&amp#27;[39m Signer #1 certificate MD5 digest: e89b158e4bcf988ebd09eb83f5378e87
[debug] &amp#27;[35m[ADB]&amp#27;[39m 
[debug] &amp#27;[35m[ADB]&amp#27;[39m sha256 hash did match for 'appium-uiautomator2-server-v4.21.1.apk'
&amp#27;[35m[ADB]&amp#27;[39m 'C:\Users\Anis\AppData\Roaming\npm\node_modules\appium\node_modules\appium-uiautomator2-server\apks\appium-uiautomator2-server-v4.21.1.apk' is signed with the default certificate
[debug] &amp#27;[35m[ADB]&amp#27;[39m Getting install status for io.appium.uiautomator2.server.test
[debug] &amp#27;[35m[ADB]&amp#27;[39m Running 'C:\Users\Anis\AppData\Local\Android\Sdk\platform-tools\adb.exe -P 5037 -s 55272e729804 shell dumpsys package io.appium.uiautomator2.server.test'
[debug] &amp#27;[35m[ADB]&amp#27;[39m 'io.appium.uiautomator2.server.test' is installed
[debug] &amp#27;[35m[ADB]&amp#27;[39m Checking app cert for C:\Users\Anis\AppData\Roaming\npm\node_modules\appium\node_modules\appium-uiautomator2-server\apks\appium-uiautomator2-server-debug-androidTest.apk
[debug] &amp#27;[35m[ADB]&amp#27;[39m Starting apksigner: 'C:\\Program Files\\Java\\jdk-11.0.11\\bin\\java.exe' -Xmx1024M -Xss1m -jar C:\\Users\\Anis\\AppData\\Local\\Android\\Sdk\\build-tools\\31.0.0-rc4\\lib\\apksigner.jar verify --print-certs C:\\Users\\Anis\\AppData\\Roaming\\npm\\node_modules\\appium\\node_modules\\appium-uiautomator2-server\\apks\\appium-uiautomator2-server-debug-androidTest.apk
[debug] &amp#27;[35m[ADB]&amp#27;[39m apksigner stdout: Signer #1 certificate DN: EMAILADDRESS=android@android.com, CN=Android, OU=Android, O=Android, L=Mountain View, ST=California, C=US
[debug] &amp#27;[35m[ADB]&amp#27;[39m Signer #1 certificate SHA-256 digest: a40da80a59d170caa950cf15c18c454d47a39b26989d8b640ecd745ba71bf5dc
[debug] &amp#27;[35m[ADB]&amp#27;[39m Signer #1 certificate SHA-1 digest: 61ed377e85d386a8dfee6b864bd85b0bfaa5af81
[debug] &amp#27;[35m[ADB]&amp#27;[39m Signer #1 certificate MD5 digest: e89b158e4bcf988ebd09eb83f5378e87
[debug] &amp#27;[35m[ADB]&amp#27;[39m 
[debug] &amp#27;[35m[ADB]&amp#27;[39m sha256 hash did match for 'appium-uiautomator2-server-debug-androidTest.apk'
&amp#27;[35m[ADB]&amp#27;[39m 'C:\Users\Anis\AppData\Roaming\npm\node_modules\appium\node_modules\appium-uiautomator2-server\apks\appium-uiautomator2-server-debug-androidTest.apk' is signed with the default certificate
&amp#27;[35m[UiAutomator2]&amp#27;[39m Server packages are not going to be (re)installed
[debug] &amp#27;[35m[UiAutomator2]&amp#27;[39m Waiting up to 30000ms for services to be available
[debug] &amp#27;[35m[ADB]&amp#27;[39m Running 'C:\Users\Anis\AppData\Local\Android\Sdk\platform-tools\adb.exe -P 5037 -s 55272e729804 shell pm list instrumentation'
[debug] &amp#27;[35m[UiAutomator2]&amp#27;[39m Instrumentation target 'io.appium.uiautomator2.server.test/androidx.test.runner.AndroidJUnitRunner' is available
&amp#27;[35m[ADB]&amp#27;[39m Adding packages ["io.appium.settings","io.appium.uiautomator2.server","io.appium.uiautomator2.server.test"] to Doze whitelist
[debug] &amp#27;[35m[ADB]&amp#27;[39m Got the following command chunks to execute: [["dumpsys","deviceidle","whitelist","+io.appium.settings",";","dumpsys","deviceidle","whitelist","+io.appium.uiautomator2.server",";","dumpsys","deviceidle","whitelist","+io.appium.uiautomator2.server.test",";"]]
[debug] &amp#27;[35m[ADB]&amp#27;[39m Running 'C:\Users\Anis\AppData\Local\Android\Sdk\platform-tools\adb.exe -P 5037 -s 55272e729804 shell dumpsys deviceidle whitelist +io.appium.settings ; dumpsys deviceidle whitelist +io.appium.uiautomator2.server ; dumpsys deviceidle whitelist +io.appium.uiautomator2.server.test ;'
[debug] &amp#27;[35m[ADB]&amp#27;[39m Checking app cert for C:\Users\Anis\eclipse-workspace\Appium\src\ApiDemos-debug.apk
[debug] &amp#27;[35m[ADB]&amp#27;[39m Starting apksigner: 'C:\\Program Files\\Java\\jdk-11.0.11\\bin\\java.exe' -Xmx1024M -Xss1m -jar C:\\Users\\Anis\\AppData\\Local\\Android\\Sdk\\build-tools\\31.0.0-rc4\\lib\\apksigner.jar verify --print-certs C:\\Users\\Anis\\eclipse-workspace\\Appium\\src\\ApiDemos-debug.apk
[debug] &amp#27;[35m[ADB]&amp#27;[39m apksigner stdout: Signer #1 certificate DN: EMAILADDRESS=android@android.com, CN=Android, OU=Android, O=Android, L=Mountain View, ST=California, C=US
[debug] &amp#27;[35m[ADB]&amp#27;[39m Signer #1 certificate SHA-256 digest: a40da80a59d170caa950cf15c18c454d47a39b26989d8b640ecd745ba71bf5dc
[debug] &amp#27;[35m[ADB]&amp#27;[39m Signer #1 certificate SHA-1 digest: 61ed377e85d386a8dfee6b864bd85b0bfaa5af81
[debug] &amp#27;[35m[ADB]&amp#27;[39m Signer #1 certificate MD5 digest: e89b158e4bcf988ebd09eb83f5378e87
[debug] &amp#27;[35m[ADB]&amp#27;[39m 
[debug] &amp#27;[35m[ADB]&amp#27;[39m sha256 hash did match for 'ApiDemos-debug.apk'
&amp#27;[35m[ADB]&amp#27;[39m 'C:\Users\Anis\eclipse-workspace\Appium\src\ApiDemos-debug.apk' is signed with the default certificate
[debug] &amp#27;[35m[ADB]&amp#27;[39m Getting install status for io.appium.android.apis
[debug] &amp#27;[35m[ADB]&amp#27;[39m Running 'C:\Users\Anis\AppData\Local\Android\Sdk\platform-tools\adb.exe -P 5037 -s 55272e729804 shell dumpsys package io.appium.android.apis'
[debug] &amp#27;[35m[ADB]&amp#27;[39m 'io.appium.android.apis' is installed
[debug] &amp#27;[35m[ADB]&amp#27;[39m Getting package info for 'io.appium.android.apis'
[debug] &amp#27;[35m[ADB]&amp#27;[39m Running 'C:\Users\Anis\AppData\Local\Android\Sdk\platform-tools\adb.exe -P 5037 -s 55272e729804 shell dumpsys package io.appium.android.apis'
&amp#27;[35m[ADB]&amp#27;[39m Cannot read version codes of 'C:\Users\Anis\eclipse-workspace\Appium\src\ApiDemos-debug.apk' and/or 'io.appium.android.apis'
&amp#27;[35m[ADB]&amp#27;[39m Cannot read version names of 'C:\Users\Anis\eclipse-workspace\Appium\src\ApiDemos-debug.apk' and/or 'io.appium.android.apis'
[debug] &amp#27;[35m[ADB]&amp#27;[39m The current install state of 'C:\Users\Anis\eclipse-workspace\Appium\src\ApiDemos-debug.apk' is unknown. Installing anyway
[debug] &amp#27;[35m[ADB]&amp#27;[39m Running 'C:\Users\Anis\AppData\Local\Android\Sdk\platform-tools\adb.exe -P 5037 -s 55272e729804 help'
[debug] &amp#27;[35m[ADB]&amp#27;[39m Running 'C:\Users\Anis\AppData\Local\Android\Sdk\platform-tools\adb.exe -P 5037 -s 55272e729804 features'
&amp#27;[35m[ADB]&amp#27;[39m The application at 'C:\Users\Anis\eclipse-workspace\Appium\src\ApiDemos-debug.apk' will not be cached, because the device under test has confirmed the support of streamed installs
[debug] &amp#27;[35m[ADB]&amp#27;[39m Running 'C:\Users\Anis\AppData\Local\Android\Sdk\platform-tools\adb.exe -P 5037 -s 55272e729804 install -r C:\Users\Anis\eclipse-workspace\Appium\src\ApiDemos-debug.apk'
&amp#27;[35m[ADB]&amp#27;[39m The installation of 'ApiDemos-debug.apk' took 4827ms
[debug] &amp#27;[35m[ADB]&amp#27;[39m Install command stdout: Performing Streamed Install
[debug] &amp#27;[35m[ADB]&amp#27;[39m Success
&amp#27;[35m[AndroidDriver]&amp#27;[39m Performing fast reset on 'io.appium.android.apis'
[debug] &amp#27;[35m[ADB]&amp#27;[39m Getting install status for io.appium.android.apis
[debug] &amp#27;[35m[ADB]&amp#27;[39m Running 'C:\Users\Anis\AppData\Local\Android\Sdk\platform-tools\adb.exe -P 5037 -s 55272e729804 shell dumpsys package io.appium.android.apis'
[debug] &amp#27;[35m[ADB]&amp#27;[39m 'io.appium.android.apis' is installed
[debug] &amp#27;[35m[ADB]&amp#27;[39m Running 'C:\Users\Anis\AppData\Local\Android\Sdk\platform-tools\adb.exe -P 5037 -s 55272e729804 shell am force-stop io.appium.android.apis'
[debug] &amp#27;[35m[ADB]&amp#27;[39m Running 'C:\Users\Anis\AppData\Local\Android\Sdk\platform-tools\adb.exe -P 5037 -s 55272e729804 shell pm clear io.appium.android.apis'
[debug] &amp#27;[35m[AndroidDriver]&amp#27;[39m Performed fast reset on the installed 'io.appium.android.apis' application (stop and clear)
[debug] &amp#27;[35m[UiAutomator2]&amp#27;[39m Performing shallow cleanup of automation leftovers
[debug] &amp#27;[35m[UiAutomator2]&amp#27;[39m The following obsolete sessions are still running: [null]
[debug] &amp#27;[35m[UiAutomator2]&amp#27;[39m Cleaning up the obsolete sessions
[debug] &amp#27;[35m[ADB]&amp#27;[39m Running 'C:\Users\Anis\AppData\Local\Android\Sdk\platform-tools\adb.exe -P 5037 -s 55272e729804 shell am force-stop io.appium.uiautomator2.server.test'
&amp#27;[35m[UiAutomator2]&amp#27;[39m Starting UIAutomator2 server 4.21.1
&amp#27;[35m[UiAutomator2]&amp#27;[39m Using UIAutomator2 server from 'C:\Users\Anis\AppData\Roaming\npm\node_modules\appium\node_modules\appium-uiautomator2-server\apks\appium-uiautomator2-server-v4.21.1.apk' and test from 'C:\Users\Anis\AppData\Roaming\npm\node_modules\appium\node_modules\appium-uiautomator2-server\apks\appium-uiautomator2-server-debug-androidTest.apk'
&amp#27;[35m[UiAutomator2]&amp#27;[39m Waiting up to 30000ms for UiAutomator2 to be online...
[debug] &amp#27;[35m[ADB]&amp#27;[39m Creating ADB subprocess with args: ["-P",5037,"-s","55272e729804","shell","am","instrument","-w","-e","disableAnalytics",true,"io.appium.uiautomator2.server.test/androidx.test.runner.AndroidJUnitRunner"]
[debug] &amp#27;[35m[WD Proxy]&amp#27;[39m Matched '/status' to command name 'getStatus'
[debug] &amp#27;[35m[WD Proxy]&amp#27;[39m Proxying [GET /status] to [GET http://127.0.0.1:8206/wd/hub/status] with no body
&amp#27;[35m[WD Proxy]&amp#27;[39m socket hang up
[debug] &amp#27;[35m[WD Proxy]&amp#27;[39m Matched '/status' to command name 'getStatus'
[debug] &amp#27;[35m[WD Proxy]&amp#27;[39m Proxying [GET /status] to [GET http://127.0.0.1:8206/wd/hub/status] with no body
&amp#27;[35m[WD Proxy]&amp#27;[39m socket hang up
[debug] &amp#27;[35m[Instrumentation]&amp#27;[39m io.appium.uiautomator2.server.test.AppiumUiAutomator2Server:
[debug] &amp#27;[35m[WD Proxy]&amp#27;[39m Matched '/status' to command name 'getStatus'
[debug] &amp#27;[35m[WD Proxy]&amp#27;[39m Proxying [GET /status] to [GET http://127.0.0.1:8206/wd/hub/status] with no body
&amp#27;[35m[WD Proxy]&amp#27;[39m socket hang up
[debug] &amp#27;[35m[WD Proxy]&amp#27;[39m Matched '/status' to command name 'getStatus'
[debug] &amp#27;[35m[WD Proxy]&amp#27;[39m Proxying [GET /status] to [GET http://127.0.0.1:8206/wd/hub/status] with no body
[debug] &amp#27;[35m[WD Proxy]&amp#27;[39m Got response with status 200: {"sessionId":"None","value":{"message":"UiAutomator2 Server is ready to accept commands","ready":true}}
[debug] &amp#27;[35m[UiAutomator2]&amp#27;[39m The initialization of the instrumentation process took 3153ms
[debug] &amp#27;[35m[WD Proxy]&amp#27;[39m Matched '/session' to command name 'createSession'
[debug] &amp#27;[35m[WD Proxy]&amp#27;[39m Proxying [POST /session] to [POST http://127.0.0.1:8206/wd/hub/session] with body: {"capabilities":{"firstMatch":[{"platform":"LINUX","webStorageEnabled":false,"takesScreenshot":true,"javascriptEnabled":true,"databaseEnabled":false,"networkConnectionEnabled":true,"locationContextEnabled":false,"warnings":{},"desired":{"platformName":"android","app":"C:\\Users\\Anis\\eclipse-workspace\\Appium\\src\\ApiDemos-debug.apk","deviceName":"Redmi","newCommandTimeout":14},"platformName":"android","app":"C:\\Users\\Anis\\eclipse-workspace\\Appium\\src\\ApiDemos-debug.apk","deviceName":"55272e729804","newCommandTimeout":14,"deviceUDID":"55272e729804","appPackage":"io.appium.android.apis"}],"alwaysMatch":{}}}
[debug] &amp#27;[35m[WD Proxy]&amp#27;[39m Got response with status 200: {"sessionId":"6534dbdc-22f7-434e-a44d-1ca20a14aab1","value":{"capabilities":{"firstMatch":[{"platform":"LINUX","webStorageEnabled":false,"takesScreenshot":true,"javascriptEnabled":true,"databaseEnabled":false,"networkConnectionEnabled":true,"locationContextEnabled":false,"warnings":{},"desired":{"platformName":"android","app":"C:\\Users\\Anis\\eclipse-workspace\\Appium\\src\\ApiDemos-debug.apk","deviceName":"Redmi","newCommandTimeout":14},"platformName":"android","app":"C:\\Users\\Anis\\eclipse-workspace\\Appium\\src\\ApiDemos-debug.apk","deviceName":"55272e729804","newCommandTimeout":14,"deviceUDID":"55272e729804","appPackage":"io.appium.android.apis"}],"alwaysMatch":{}},"sessionId":"6534dbdc-22f7-434e-a44d-1ca20a14aab1"}}
&amp#27;[35m[WD Proxy]&amp#27;[39m Determined the downstream protocol as 'W3C'
[debug] &amp#27;[35m[WD Proxy]&amp#27;[39m Proxying [GET /appium/device/info] to [GET http://127.0.0.1:8206/wd/hub/session/6534dbdc-22f7-434e-a44d-1ca20a14aab1/appium/device/info] with no body
[debug] &amp#27;[35m[WD Proxy]&amp#27;[39m Got response with status 200: {"sessionId":"6534dbdc-22f7-434e-a44d-1ca20a14aab1","value":{"androidId":"62e279822e2e3c5b","apiVersion":"24","bluetooth":{"state":"OFF"},"brand":"xiaomi","carrierName":"airtel","displayDensity":480,"locale":"en_GB","manufacturer":"Xiaomi","model":"Redmi Note 4","networks":[{"capabilities":{"SSID":null,"linkDownBandwidthKbps":102400,"linkUpstreamBandwidthKbps":51200,"networkCapabilities":"NET_CAPABILITY_NOT_METERED,NET_CAPABILITY_NOT_RESTRICTED,NET_CAPABILITY_IMS,NET_CAPABILITY_NOT_VPN,NET_CAPABILITY_TRUSTED,NET_CAPABILITY_VALIDATED","signalStrength":-2147483648,"transportTypes":"TRANSPORT_CELLULAR"},"detailedState":"CONNECTED","extraInfo":"ims","isAvailable":true,"isConnected":true,"isFailover":false,"isRoaming":false,"state":"CONNECTED","subtype":13,"subtypeName":"LTE","type":0,"typeName":"MOBILE"},{"capabilities":{"SSID":null,"linkDownBandwidthKbps":102400,"linkUpstreamBandwidthKbps":51200,"networkCapabilities":"NET_CAPABILITY_NOT_RESTRICTED,NET_CAPABILITY_SUPL,NET_CAPABILITY_NOT_VPN,NET_CAPABILITY_INTE...
[debug] &amp#27;[35m[ADB]&amp#27;[39m Running 'C:\Users\Anis\AppData\Local\Android\Sdk\platform-tools\adb.exe -P 5037 -s 55272e729804 shell dumpsys window'
&amp#27;[35m[AndroidDriver]&amp#27;[39m Screen already unlocked, doing nothing
&amp#27;[35m[UiAutomator2]&amp#27;[39m Starting 'io.appium.android.apis/ApiDemos and waiting for 'io.appium.android.apis/ApiDemos'
[debug] &amp#27;[35m[ADB]&amp#27;[39m Running 'C:\Users\Anis\AppData\Local\Android\Sdk\platform-tools\adb.exe -P 5037 -s 55272e729804 shell am start -W -n io.appium.android.apis/ApiDemos -S -a android.intent.action.MAIN -c android.intent.category.LAUNCHER -f 0x10200000'
[debug] &amp#27;[35m[ADB]&amp#27;[39m We tried to start an activity that doesn't exist, retrying with '.ApiDemos' activity name
[debug] &amp#27;[35m[ADB]&amp#27;[39m Running 'C:\Users\Anis\AppData\Local\Android\Sdk\platform-tools\adb.exe -P 5037 -s 55272e729804 shell am start -W -n io.appium.android.apis/.ApiDemos -S -a android.intent.action.MAIN -c android.intent.category.LAUNCHER -f 0x10200000'
[debug] &amp#27;[35m[ADB]&amp#27;[39m Waiting up to 20000ms for activity matching pkg: 'io.appium.android.apis' and activity: 'ApiDemos' to be focused
[debug] &amp#27;[35m[ADB]&amp#27;[39m Possible activities, to be checked: 'ApiDemos', 'io.appium.android.apis.ApiDemos'
[debug] &amp#27;[35m[ADB]&amp#27;[39m Getting focused package and activity
[debug] &amp#27;[35m[ADB]&amp#27;[39m Running 'C:\Users\Anis\AppData\Local\Android\Sdk\platform-tools\adb.exe -P 5037 -s 55272e729804 shell dumpsys window windows'
[debug] &amp#27;[35m[ADB]&amp#27;[39m Found package: 'io.appium.android.apis' and fully qualified activity name : 'io.appium.android.apis.ApiDemos'
[debug] &amp#27;[35m[WD Proxy]&amp#27;[39m Proxying [GET /appium/device/pixel_ratio] to [GET http://127.0.0.1:8206/wd/hub/session/6534dbdc-22f7-434e-a44d-1ca20a14aab1/appium/device/pixel_ratio] with no body
[debug] &amp#27;[35m[WD Proxy]&amp#27;[39m Got response with status 200: {"sessionId":"6534dbdc-22f7-434e-a44d-1ca20a14aab1","value":3}
[debug] &amp#27;[35m[WD Proxy]&amp#27;[39m Matched '/appium/device/system_bars' to command name 'getSystemBars'
[debug] &amp#27;[35m[WD Proxy]&amp#27;[39m Proxying [GET /appium/device/system_bars] to [GET http://127.0.0.1:8206/wd/hub/session/6534dbdc-22f7-434e-a44d-1ca20a14aab1/appium/device/system_bars] with no body
[debug] &amp#27;[35m[WD Proxy]&amp#27;[39m Got response with status 200: {"sessionId":"6534dbdc-22f7-434e-a44d-1ca20a14aab1","value":{"statusBar":72}}
[debug] &amp#27;[35m[WD Proxy]&amp#27;[39m Matched '/window/current/size' to command name 'getWindowSize'
[debug] &amp#27;[35m[WD Proxy]&amp#27;[39m Proxying [GET /window/current/size] to [GET http://127.0.0.1:8206/wd/hub/session/6534dbdc-22f7-434e-a44d-1ca20a14aab1/window/current/size] with no body
[debug] &amp#27;[35m[WD Proxy]&amp#27;[39m Got response with status 200: {"sessionId":"6534dbdc-22f7-434e-a44d-1ca20a14aab1","value":{"height":1920,"width":1080}}
&amp#27;[35m[Appium]&amp#27;[39m New AndroidUiautomator2Driver session created successfully, session 4767bb73-8eb9-49d9-a2bd-8e2b83c77716 added to master session list
[debug] &amp#27;[35m[BaseDriver]&amp#27;[39m Event 'newSessionStarted' logged at 1623134692997 (12:14:52 GMT+0530 (India Standard Time))
[debug] &amp#27;[35m[W3C (4767bb73)]&amp#27;[39m Cached the protocol value 'W3C' for the new session 4767bb73-8eb9-49d9-a2bd-8e2b83c77716
[debug] &amp#27;[35m[W3C (4767bb73)]&amp#27;[39m Responding to client with driver.createSession() result: {"capabilities":{"platform":"LINUX","webStorageEnabled":false,"takesScreenshot":true,"javascriptEnabled":true,"databaseEnabled":false,"networkConnectionEnabled":true,"locationContextEnabled":false,"warnings":{},"desired":{"platformName":"android","app":"C:\\Users\\Anis\\eclipse-workspace\\Appium\\src\\ApiDemos-debug.apk","deviceName":"Redmi","newCommandTimeout":14},"platformName":"android","app":"C:\\Users\\Anis\\eclipse-workspace\\Appium\\src\\ApiDemos-debug.apk","deviceName":"55272e729804","newCommandTimeout":14,"deviceUDID":"55272e729804","appPackage":"io.appium.android.apis","deviceApiLevel":24,"platformVersion":"7.0","deviceScreenSize":"1080x1920","deviceScreenDensity":480,"deviceModel":"Redmi Note 4","deviceManufacturer":"Xiaomi","pixelRatio":3,"statBarHeight":72,"viewportRect":{"left":0,"top":72,"width":1080,"height":1848}}}
&amp#27;[35m[HTTP]&amp#27;[39m &amp#27;[37m<-- POST /wd/hub/session &amp#27;[39m&amp#27;[32m200&amp#27;[39m &amp#27;[90m24847 ms - 904&amp#27;[39m
&amp#27;[35m[HTTP]&amp#27;[39m &amp#27;[90m&amp#27;[39m
&amp#27;[35m[HTTP]&amp#27;[39m &amp#27;[37m-->&amp#27;[39m &amp#27;[37mGET&amp#27;[39m &amp#27;[37m/wd/hub/session/4767bb73-8eb9-49d9-a2bd-8e2b83c77716&amp#27;[39m
&amp#27;[35m[HTTP]&amp#27;[39m &amp#27;[90m{}&amp#27;[39m
[debug] &amp#27;[35m[W3C (4767bb73)]&amp#27;[39m Calling AppiumDriver.getSession() with args: ["4767bb73-8eb9-49d9-a2bd-8e2b83c77716"]
[debug] &amp#27;[35m[UiAutomator2]&amp#27;[39m Getting session details from server to mix in
[debug] &amp#27;[35m[WD Proxy]&amp#27;[39m Matched '/' to command name 'getSession'
[debug] &amp#27;[35m[WD Proxy]&amp#27;[39m Proxying [GET /] to [GET http://127.0.0.1:8206/wd/hub/session/6534dbdc-22f7-434e-a44d-1ca20a14aab1] with no body
[debug] &amp#27;[35m[WD Proxy]&amp#27;[39m Got response with status 200: {"sessionId":"6534dbdc-22f7-434e-a44d-1ca20a14aab1","value":{"lastScrollData":null}}
[debug] &amp#27;[35m[W3C (4767bb73)]&amp#27;[39m Responding to client with driver.getSession() result: {"platform":"LINUX","webStorageEnabled":false,"takesScreenshot":true,"javascriptEnabled":true,"databaseEnabled":false,"networkConnectionEnabled":true,"locationContextEnabled":false,"warnings":{},"desired":{"platformName":"android","app":"C:\\Users\\Anis\\eclipse-workspace\\Appium\\src\\ApiDemos-debug.apk","deviceName":"Redmi","newCommandTimeout":14},"platformName":"android","app":"C:\\Users\\Anis\\eclipse-workspace\\Appium\\src\\ApiDemos-debug.apk","deviceName":"55272e729804","newCommandTimeout":14,"deviceUDID":"55272e729804","appPackage":"io.appium.android.apis","deviceApiLevel":24,"platformVersion":"7.0","deviceScreenSize":"1080x1920","deviceScreenDensity":480,"deviceModel":"Redmi Note 4","deviceManufacturer":"Xiaomi","pixelRatio":3,"statBarHeight":72,"viewportRect":{"left":0,"top":72,"width":1080,"height":1848},"lastScrollData":null}
&amp#27;[35m[HTTP]&amp#27;[39m &amp#27;[37m<-- GET /wd/hub/session/4767bb73-8eb9-49d9-a2bd-8e2b83c77716 &amp#27;[39m&amp#27;[32m200&amp#27;[39m &amp#27;[90m16 ms - 858&amp#27;[39m
&amp#27;[35m[HTTP]&amp#27;[39m &amp#27;[90m&amp#27;[39m
&amp#27;[35m[HTTP]&amp#27;[39m &amp#27;[37m-->&amp#27;[39m &amp#27;[37mGET&amp#27;[39m &amp#27;[37m/wd/hub/session/4767bb73-8eb9-49d9-a2bd-8e2b83c77716&amp#27;[39m
&amp#27;[35m[HTTP]&amp#27;[39m &amp#27;[90m{}&amp#27;[39m
[debug] &amp#27;[35m[W3C (4767bb73)]&amp#27;[39m Calling AppiumDriver.getSession() with args: ["4767bb73-8eb9-49d9-a2bd-8e2b83c77716"]
[debug] &amp#27;[35m[UiAutomator2]&amp#27;[39m Getting session details from server to mix in
[debug] &amp#27;[35m[WD Proxy]&amp#27;[39m Matched '/' to command name 'getSession'
[debug] &amp#27;[35m[WD Proxy]&amp#27;[39m Proxying [GET /] to [GET http://127.0.0.1:8206/wd/hub/session/6534dbdc-22f7-434e-a44d-1ca20a14aab1] with no body
[debug] &amp#27;[35m[WD Proxy]&amp#27;[39m Got response with status 200: {"sessionId":"6534dbdc-22f7-434e-a44d-1ca20a14aab1","value":{"lastScrollData":null}}
[debug] &amp#27;[35m[W3C (4767bb73)]&amp#27;[39m Responding to client with driver.getSession() result: {"platform":"LINUX","webStorageEnabled":false,"takesScreenshot":true,"javascriptEnabled":true,"databaseEnabled":false,"networkConnectionEnabled":true,"locationContextEnabled":false,"warnings":{},"desired":{"platformName":"android","app":"C:\\Users\\Anis\\eclipse-workspace\\Appium\\src\\ApiDemos-debug.apk","deviceName":"Redmi","newCommandTimeout":14},"platformName":"android","app":"C:\\Users\\Anis\\eclipse-workspace\\Appium\\src\\ApiDemos-debug.apk","deviceName":"55272e729804","newCommandTimeout":14,"deviceUDID":"55272e729804","appPackage":"io.appium.android.apis","deviceApiLevel":24,"platformVersion":"7.0","deviceScreenSize":"1080x1920","deviceScreenDensity":480,"deviceModel":"Redmi Note 4","deviceManufacturer":"Xiaomi","pixelRatio":3,"statBarHeight":72,"viewportRect":{"left":0,"top":72,"width":1080,"height":1848},"lastScrollData":null}
&amp#27;[35m[HTTP]&amp#27;[39m &amp#27;[37m<-- GET /wd/hub/session/4767bb73-8eb9-49d9-a2bd-8e2b83c77716 &amp#27;[39m&amp#27;[32m200&amp#27;[39m &amp#27;[90m24 ms - 858&amp#27;[39m
&amp#27;[35m[HTTP]&amp#27;[39m &amp#27;[90m&amp#27;[39m
&amp#27;[35m[HTTP]&amp#27;[39m &amp#27;[37m-->&amp#27;[39m &amp#27;[37mPOST&amp#27;[39m &amp#27;[37m/wd/hub/session/4767bb73-8eb9-49d9-a2bd-8e2b83c77716/timeouts&amp#27;[39m
&amp#27;[35m[HTTP]&amp#27;[39m &amp#27;[90m{"implicit":10000}&amp#27;[39m
[debug] &amp#27;[35m[W3C (4767bb73)]&amp#27;[39m Calling AppiumDriver.timeouts() with args: [null,null,null,null,10000,"4767bb73-8eb9-49d9-a2bd-8e2b83c77716"]
[debug] &amp#27;[35m[BaseDriver]&amp#27;[39m W3C timeout argument: {"implicit":10000}}
[debug] &amp#27;[35m[BaseDriver]&amp#27;[39m Set implicit wait to 10000ms
[debug] &amp#27;[35m[W3C (4767bb73)]&amp#27;[39m Responding to client with driver.timeouts() result: null
&amp#27;[35m[HTTP]&amp#27;[39m &amp#27;[37m<-- POST /wd/hub/session/4767bb73-8eb9-49d9-a2bd-8e2b83c77716/timeouts &amp#27;[39m&amp#27;[32m200&amp#27;[39m &amp#27;[90m5 ms - 14&amp#27;[39m
&amp#27;[35m[HTTP]&amp#27;[39m &amp#27;[90m&amp#27;[39m
&amp#27;[35m[HTTP]&amp#27;[39m &amp#27;[37m-->&amp#27;[39m &amp#27;[37mGET&amp#27;[39m &amp#27;[37m/wd/hub/session/4767bb73-8eb9-49d9-a2bd-8e2b83c77716&amp#27;[39m
&amp#27;[35m[HTTP]&amp#27;[39m &amp#27;[90m{}&amp#27;[39m
[debug] &amp#27;[35m[W3C (4767bb73)]&amp#27;[39m Calling AppiumDriver.getSession() with args: ["4767bb73-8eb9-49d9-a2bd-8e2b83c77716"]
[debug] &amp#27;[35m[UiAutomator2]&amp#27;[39m Getting session details from server to mix in
[debug] &amp#27;[35m[WD Proxy]&amp#27;[39m Matched '/' to command name 'getSession'
[debug] &amp#27;[35m[WD Proxy]&amp#27;[39m Proxying [GET /] to [GET http://127.0.0.1:8206/wd/hub/session/6534dbdc-22f7-434e-a44d-1ca20a14aab1] with no body
[debug] &amp#27;[35m[WD Proxy]&amp#27;[39m Got response with status 200: {"sessionId":"6534dbdc-22f7-434e-a44d-1ca20a14aab1","value":{"lastScrollData":null}}
[debug] &amp#27;[35m[W3C (4767bb73)]&amp#27;[39m Responding to client with driver.getSession() result: {"platform":"LINUX","webStorageEnabled":false,"takesScreenshot":true,"javascriptEnabled":true,"databaseEnabled":false,"networkConnectionEnabled":true,"locationContextEnabled":false,"warnings":{},"desired":{"platformName":"android","app":"C:\\Users\\Anis\\eclipse-workspace\\Appium\\src\\ApiDemos-debug.apk","deviceName":"Redmi","newCommandTimeout":14},"platformName":"android","app":"C:\\Users\\Anis\\eclipse-workspace\\Appium\\src\\ApiDemos-debug.apk","deviceName":"55272e729804","newCommandTimeout":14,"deviceUDID":"55272e729804","appPackage":"io.appium.android.apis","deviceApiLevel":24,"platformVersion":"7.0","deviceScreenSize":"1080x1920","deviceScreenDensity":480,"deviceModel":"Redmi Note 4","deviceManufacturer":"Xiaomi","pixelRatio":3,"statBarHeight":72,"viewportRect":{"left":0,"top":72,"width":1080,"height":1848},"lastScrollData":null}
&amp#27;[35m[HTTP]&amp#27;[39m &amp#27;[37m<-- GET /wd/hub/session/4767bb73-8eb9-49d9-a2bd-8e2b83c77716 &amp#27;[39m&amp#27;[32m200&amp#27;[39m &amp#27;[90m17 ms - 858&amp#27;[39m
&amp#27;[35m[HTTP]&amp#27;[39m &amp#27;[90m&amp#27;[39m
&amp#27;[35m[HTTP]&amp#27;[39m &amp#27;[37m-->&amp#27;[39m &amp#27;[37mGET&amp#27;[39m &amp#27;[37m/wd/hub/session/4767bb73-8eb9-49d9-a2bd-8e2b83c77716&amp#27;[39m
&amp#27;[35m[HTTP]&amp#27;[39m &amp#27;[90m{}&amp#27;[39m
[debug] &amp#27;[35m[W3C (4767bb73)]&amp#27;[39m Calling AppiumDriver.getSession() with args: ["4767bb73-8eb9-49d9-a2bd-8e2b83c77716"]
[debug] &amp#27;[35m[UiAutomator2]&amp#27;[39m Getting session details from server to mix in
[debug] &amp#27;[35m[WD Proxy]&amp#27;[39m Matched '/' to command name 'getSession'
[debug] &amp#27;[35m[WD Proxy]&amp#27;[39m Proxying [GET /] to [GET http://127.0.0.1:8206/wd/hub/session/6534dbdc-22f7-434e-a44d-1ca20a14aab1] with no body
[debug] &amp#27;[35m[WD Proxy]&amp#27;[39m Got response with status 200: {"sessionId":"6534dbdc-22f7-434e-a44d-1ca20a14aab1","value":{"lastScrollData":null}}
[debug] &amp#27;[35m[W3C (4767bb73)]&amp#27;[39m Responding to client with driver.getSession() result: {"platform":"LINUX","webStorageEnabled":false,"takesScreenshot":true,"javascriptEnabled":true,"databaseEnabled":false,"networkConnectionEnabled":true,"locationContextEnabled":false,"warnings":{},"desired":{"platformName":"android","app":"C:\\Users\\Anis\\eclipse-workspace\\Appium\\src\\ApiDemos-debug.apk","deviceName":"Redmi","newCommandTimeout":14},"platformName":"android","app":"C:\\Users\\Anis\\eclipse-workspace\\Appium\\src\\ApiDemos-debug.apk","deviceName":"55272e729804","newCommandTimeout":14,"deviceUDID":"55272e729804","appPackage":"io.appium.android.apis","deviceApiLevel":24,"platformVersion":"7.0","deviceScreenSize":"1080x1920","deviceScreenDensity":480,"deviceModel":"Redmi Note 4","deviceManufacturer":"Xiaomi","pixelRatio":3,"statBarHeight":72,"viewportRect":{"left":0,"top":72,"width":1080,"height":1848},"lastScrollData":null}
&amp#27;[35m[HTTP]&amp#27;[39m &amp#27;[37m<-- GET /wd/hub/session/4767bb73-8eb9-49d9-a2bd-8e2b83c77716 &amp#27;[39m&amp#27;[32m200&amp#27;[39m &amp#27;[90m32 ms - 858&amp#27;[39m
&amp#27;[35m[HTTP]&amp#27;[39m &amp#27;[90m&amp#27;[39m
&amp#27;[35m[HTTP]&amp#27;[39m &amp#27;[37m-->&amp#27;[39m &amp#27;[37mGET&amp#27;[39m &amp#27;[37m/wd/hub/session/4767bb73-8eb9-49d9-a2bd-8e2b83c77716&amp#27;[39m
&amp#27;[35m[HTTP]&amp#27;[39m &amp#27;[90m{}&amp#27;[39m
[debug] &amp#27;[35m[W3C (4767bb73)]&amp#27;[39m Calling AppiumDriver.getSession() with args: ["4767bb73-8eb9-49d9-a2bd-8e2b83c77716"]
[debug] &amp#27;[35m[UiAutomator2]&amp#27;[39m Getting session details from server to mix in
[debug] &amp#27;[35m[WD Proxy]&amp#27;[39m Matched '/' to command name 'getSession'
[debug] &amp#27;[35m[WD Proxy]&amp#27;[39m Proxying [GET /] to [GET http://127.0.0.1:8206/wd/hub/session/6534dbdc-22f7-434e-a44d-1ca20a14aab1] with no body
[debug] &amp#27;[35m[WD Proxy]&amp#27;[39m Got response with status 200: {"sessionId":"6534dbdc-22f7-434e-a44d-1ca20a14aab1","value":{"lastScrollData":null}}
[debug] &amp#27;[35m[W3C (4767bb73)]&amp#27;[39m Responding to client with driver.getSession() result: {"platform":"LINUX","webStorageEnabled":false,"takesScreenshot":true,"javascriptEnabled":true,"databaseEnabled":false,"networkConnectionEnabled":true,"locationContextEnabled":false,"warnings":{},"desired":{"platformName":"android","app":"C:\\Users\\Anis\\eclipse-workspace\\Appium\\src\\ApiDemos-debug.apk","deviceName":"Redmi","newCommandTimeout":14},"platformName":"android","app":"C:\\Users\\Anis\\eclipse-workspace\\Appium\\src\\ApiDemos-debug.apk","deviceName":"55272e729804","newCommandTimeout":14,"deviceUDID":"55272e729804","appPackage":"io.appium.android.apis","deviceApiLevel":24,"platformVersion":"7.0","deviceScreenSize":"1080x1920","deviceScreenDensity":480,"deviceModel":"Redmi Note 4","deviceManufacturer":"Xiaomi","pixelRatio":3,"statBarHeight":72,"viewportRect":{"left":0,"top":72,"width":1080,"height":1848},"lastScrollData":null}
&amp#27;[35m[HTTP]&amp#27;[39m &amp#27;[37m<-- GET /wd/hub/session/4767bb73-8eb9-49d9-a2bd-8e2b83c77716 &amp#27;[39m&amp#27;[32m200&amp#27;[39m &amp#27;[90m10 ms - 858&amp#27;[39m
&amp#27;[35m[HTTP]&amp#27;[39m &amp#27;[90m&amp#27;[39m
&amp#27;[35m[HTTP]&amp#27;[39m &amp#27;[37m-->&amp#27;[39m &amp#27;[37mPOST&amp#27;[39m &amp#27;[37m/wd/hub/session/4767bb73-8eb9-49d9-a2bd-8e2b83c77716/element&amp#27;[39m
&amp#27;[35m[HTTP]&amp#27;[39m &amp#27;[90m{"using":"xpath","value":"//android.widget.TextView[@text='Preference']"}&amp#27;[39m
[debug] &amp#27;[35m[W3C (4767bb73)]&amp#27;[39m Calling AppiumDriver.findElement() with args: ["xpath","//android.widget.TextView[@text='Preference']","4767bb73-8eb9-49d9-a2bd-8e2b83c77716"]
[debug] &amp#27;[35m[BaseDriver]&amp#27;[39m Valid locator strategies for this request: xpath, id, class name, accessibility id, css selector, -android uiautomator
[debug] &amp#27;[35m[BaseDriver]&amp#27;[39m Waiting up to 10000 ms for condition
[debug] &amp#27;[35m[WD Proxy]&amp#27;[39m Matched '/element' to command name 'findElement'
[debug] &amp#27;[35m[WD Proxy]&amp#27;[39m Proxying [POST /element] to [POST http://127.0.0.1:8206/wd/hub/session/6534dbdc-22f7-434e-a44d-1ca20a14aab1/element] with body: {"strategy":"xpath","selector":"//android.widget.TextView[@text='Preference']","context":"","multiple":false}
[debug] &amp#27;[35m[WD Proxy]&amp#27;[39m Got response with status 200: {"sessionId":"6534dbdc-22f7-434e-a44d-1ca20a14aab1","value":{"ELEMENT":"f5ec3248-11f7-489d-9583-2f7aac5b185e","element-6066-11e4-a52e-4f735466cecf":"f5ec3248-11f7-489d-9583-2f7aac5b185e"}}
[debug] &amp#27;[35m[W3C (4767bb73)]&amp#27;[39m Responding to client with driver.findElement() result: {"element-6066-11e4-a52e-4f735466cecf":"f5ec3248-11f7-489d-9583-2f7aac5b185e","ELEMENT":"f5ec3248-11f7-489d-9583-2f7aac5b185e"}
&amp#27;[35m[HTTP]&amp#27;[39m &amp#27;[37m<-- POST /wd/hub/session/4767bb73-8eb9-49d9-a2bd-8e2b83c77716/element &amp#27;[39m&amp#27;[32m200&amp#27;[39m &amp#27;[90m149 ms - 137&amp#27;[39m
&amp#27;[35m[HTTP]&amp#27;[39m &amp#27;[90m&amp#27;[39m
&amp#27;[35m[HTTP]&amp#27;[39m &amp#27;[37m-->&amp#27;[39m &amp#27;[37mPOST&amp#27;[39m &amp#27;[37m/wd/hub/session/4767bb73-8eb9-49d9-a2bd-8e2b83c77716/element/f5ec3248-11f7-489d-9583-2f7aac5b185e/click&amp#27;[39m
&amp#27;[35m[HTTP]&amp#27;[39m &amp#27;[90m{"id":"f5ec3248-11f7-489d-9583-2f7aac5b185e"}&amp#27;[39m
[debug] &amp#27;[35m[W3C (4767bb73)]&amp#27;[39m Calling AppiumDriver.click() with args: ["f5ec3248-11f7-489d-9583-2f7aac5b185e","4767bb73-8eb9-49d9-a2bd-8e2b83c77716"]
[debug] &amp#27;[35m[WD Proxy]&amp#27;[39m Matched '/element/f5ec3248-11f7-489d-9583-2f7aac5b185e/click' to command name 'click'
[debug] &amp#27;[35m[WD Proxy]&amp#27;[39m Proxying [POST /element/f5ec3248-11f7-489d-9583-2f7aac5b185e/click] to [POST http://127.0.0.1:8206/wd/hub/session/6534dbdc-22f7-434e-a44d-1ca20a14aab1/element/f5ec3248-11f7-489d-9583-2f7aac5b185e/click] with body: {"element":"f5ec3248-11f7-489d-9583-2f7aac5b185e"}
[debug] &amp#27;[35m[WD Proxy]&amp#27;[39m Got response with status 200: {"sessionId":"6534dbdc-22f7-434e-a44d-1ca20a14aab1","value":null}
[debug] &amp#27;[35m[W3C (4767bb73)]&amp#27;[39m Responding to client with driver.click() result: null
&amp#27;[35m[HTTP]&amp#27;[39m &amp#27;[37m<-- POST /wd/hub/session/4767bb73-8eb9-49d9-a2bd-8e2b83c77716/element/f5ec3248-11f7-489d-9583-2f7aac5b185e/click &amp#27;[39m&amp#27;[32m200&amp#27;[39m &amp#27;[90m1311 ms - 14&amp#27;[39m
&amp#27;[35m[HTTP]&amp#27;[39m &amp#27;[90m&amp#27;[39m
&amp#27;[35m[HTTP]&amp#27;[39m &amp#27;[37m-->&amp#27;[39m &amp#27;[37mGET&amp#27;[39m &amp#27;[37m/wd/hub/session/4767bb73-8eb9-49d9-a2bd-8e2b83c77716&amp#27;[39m
&amp#27;[35m[HTTP]&amp#27;[39m &amp#27;[90m{}&amp#27;[39m
[debug] &amp#27;[35m[W3C (4767bb73)]&amp#27;[39m Calling AppiumDriver.getSession() with args: ["4767bb73-8eb9-49d9-a2bd-8e2b83c77716"]
[debug] &amp#27;[35m[UiAutomator2]&amp#27;[39m Getting session details from server to mix in
[debug] &amp#27;[35m[WD Proxy]&amp#27;[39m Matched '/' to command name 'getSession'
[debug] &amp#27;[35m[WD Proxy]&amp#27;[39m Proxying [GET /] to [GET http://127.0.0.1:8206/wd/hub/session/6534dbdc-22f7-434e-a44d-1ca20a14aab1] with no body
[debug] &amp#27;[35m[WD Proxy]&amp#27;[39m Got response with status 200: {"sessionId":"6534dbdc-22f7-434e-a44d-1ca20a14aab1","value":{"lastScrollData":null}}
[debug] &amp#27;[35m[W3C (4767bb73)]&amp#27;[39m Responding to client with driver.getSession() result: {"platform":"LINUX","webStorageEnabled":false,"takesScreenshot":true,"javascriptEnabled":true,"databaseEnabled":false,"networkConnectionEnabled":true,"locationContextEnabled":false,"warnings":{},"desired":{"platformName":"android","app":"C:\\Users\\Anis\\eclipse-workspace\\Appium\\src\\ApiDemos-debug.apk","deviceName":"Redmi","newCommandTimeout":14},"platformName":"android","app":"C:\\Users\\Anis\\eclipse-workspace\\Appium\\src\\ApiDemos-debug.apk","deviceName":"55272e729804","newCommandTimeout":14,"deviceUDID":"55272e729804","appPackage":"io.appium.android.apis","deviceApiLevel":24,"platformVersion":"7.0","deviceScreenSize":"1080x1920","deviceScreenDensity":480,"deviceModel":"Redmi Note 4","deviceManufacturer":"Xiaomi","pixelRatio":3,"statBarHeight":72,"viewportRect":{"left":0,"top":72,"width":1080,"height":1848},"lastScrollData":null}
&amp#27;[35m[HTTP]&amp#27;[39m &amp#27;[37m<-- GET /wd/hub/session/4767bb73-8eb9-49d9-a2bd-8e2b83c77716 &amp#27;[39m&amp#27;[32m200&amp#27;[39m &amp#27;[90m13 ms - 858&amp#27;[39m
&amp#27;[35m[HTTP]&amp#27;[39m &amp#27;[90m&amp#27;[39m
&amp#27;[35m[HTTP]&amp#27;[39m &amp#27;[37m-->&amp#27;[39m &amp#27;[37mGET&amp#27;[39m &amp#27;[37m/wd/hub/session/4767bb73-8eb9-49d9-a2bd-8e2b83c77716&amp#27;[39m
&amp#27;[35m[HTTP]&amp#27;[39m &amp#27;[90m{}&amp#27;[39m
[debug] &amp#27;[35m[W3C (4767bb73)]&amp#27;[39m Calling AppiumDriver.getSession() with args: ["4767bb73-8eb9-49d9-a2bd-8e2b83c77716"]
[debug] &amp#27;[35m[UiAutomator2]&amp#27;[39m Getting session details from server to mix in
[debug] &amp#27;[35m[WD Proxy]&amp#27;[39m Matched '/' to command name 'getSession'
[debug] &amp#27;[35m[WD Proxy]&amp#27;[39m Proxying [GET /] to [GET http://127.0.0.1:8206/wd/hub/session/6534dbdc-22f7-434e-a44d-1ca20a14aab1] with no body
[debug] &amp#27;[35m[WD Proxy]&amp#27;[39m Got response with status 200: {"sessionId":"6534dbdc-22f7-434e-a44d-1ca20a14aab1","value":{"lastScrollData":null}}
[debug] &amp#27;[35m[W3C (4767bb73)]&amp#27;[39m Responding to client with driver.getSession() result: {"platform":"LINUX","webStorageEnabled":false,"takesScreenshot":true,"javascriptEnabled":true,"databaseEnabled":false,"networkConnectionEnabled":true,"locationContextEnabled":false,"warnings":{},"desired":{"platformName":"android","app":"C:\\Users\\Anis\\eclipse-workspace\\Appium\\src\\ApiDemos-debug.apk","deviceName":"Redmi","newCommandTimeout":14},"platformName":"android","app":"C:\\Users\\Anis\\eclipse-workspace\\Appium\\src\\ApiDemos-debug.apk","deviceName":"55272e729804","newCommandTimeout":14,"deviceUDID":"55272e729804","appPackage":"io.appium.android.apis","deviceApiLevel":24,"platformVersion":"7.0","deviceScreenSize":"1080x1920","deviceScreenDensity":480,"deviceModel":"Redmi Note 4","deviceManufacturer":"Xiaomi","pixelRatio":3,"statBarHeight":72,"viewportRect":{"left":0,"top":72,"width":1080,"height":1848},"lastScrollData":null}
&amp#27;[35m[HTTP]&amp#27;[39m &amp#27;[37m<-- GET /wd/hub/session/4767bb73-8eb9-49d9-a2bd-8e2b83c77716 &amp#27;[39m&amp#27;[32m200&amp#27;[39m &amp#27;[90m13 ms - 858&amp#27;[39m
&amp#27;[35m[HTTP]&amp#27;[39m &amp#27;[90m&amp#27;[39m
&amp#27;[35m[HTTP]&amp#27;[39m &amp#27;[37m-->&amp#27;[39m &amp#27;[37mGET&amp#27;[39m &amp#27;[37m/wd/hub/session/4767bb73-8eb9-49d9-a2bd-8e2b83c77716&amp#27;[39m
&amp#27;[35m[HTTP]&amp#27;[39m &amp#27;[90m{}&amp#27;[39m
[debug] &amp#27;[35m[W3C (4767bb73)]&amp#27;[39m Calling AppiumDriver.getSession() with args: ["4767bb73-8eb9-49d9-a2bd-8e2b83c77716"]
[debug] &amp#27;[35m[UiAutomator2]&amp#27;[39m Getting session details from server to mix in
[debug] &amp#27;[35m[WD Proxy]&amp#27;[39m Matched '/' to command name 'getSession'
[debug] &amp#27;[35m[WD Proxy]&amp#27;[39m Proxying [GET /] to [GET http://127.0.0.1:8206/wd/hub/session/6534dbdc-22f7-434e-a44d-1ca20a14aab1] with no body
[debug] &amp#27;[35m[WD Proxy]&amp#27;[39m Got response with status 200: {"sessionId":"6534dbdc-22f7-434e-a44d-1ca20a14aab1","value":{"lastScrollData":null}}
[debug] &amp#27;[35m[W3C (4767bb73)]&amp#27;[39m Responding to client with driver.getSession() result: {"platform":"LINUX","webStorageEnabled":false,"takesScreenshot":true,"javascriptEnabled":true,"databaseEnabled":false,"networkConnectionEnabled":true,"locationContextEnabled":false,"warnings":{},"desired":{"platformName":"android","app":"C:\\Users\\Anis\\eclipse-workspace\\Appium\\src\\ApiDemos-debug.apk","deviceName":"Redmi","newCommandTimeout":14},"platformName":"android","app":"C:\\Users\\Anis\\eclipse-workspace\\Appium\\src\\ApiDemos-debug.apk","deviceName":"55272e729804","newCommandTimeout":14,"deviceUDID":"55272e729804","appPackage":"io.appium.android.apis","deviceApiLevel":24,"platformVersion":"7.0","deviceScreenSize":"1080x1920","deviceScreenDensity":480,"deviceModel":"Redmi Note 4","deviceManufacturer":"Xiaomi","pixelRatio":3,"statBarHeight":72,"viewportRect":{"left":0,"top":72,"width":1080,"height":1848},"lastScrollData":null}
&amp#27;[35m[HTTP]&amp#27;[39m &amp#27;[37m<-- GET /wd/hub/session/4767bb73-8eb9-49d9-a2bd-8e2b83c77716 &amp#27;[39m&amp#27;[32m200&amp#27;[39m &amp#27;[90m23 ms - 858&amp#27;[39m
&amp#27;[35m[HTTP]&amp#27;[39m &amp#27;[90m&amp#27;[39m
&amp#27;[35m[HTTP]&amp#27;[39m &amp#27;[37m-->&amp#27;[39m &amp#27;[37mPOST&amp#27;[39m &amp#27;[37m/wd/hub/session/4767bb73-8eb9-49d9-a2bd-8e2b83c77716/element&amp#27;[39m
&amp#27;[35m[HTTP]&amp#27;[39m &amp#27;[90m{"using":"xpath","value":"//android.widget.TextView[@text='3. Preference dependencies']"}&amp#27;[39m
[debug] &amp#27;[35m[W3C (4767bb73)]&amp#27;[39m Calling AppiumDriver.findElement() with args: ["xpath","//android.widget.TextView[@text='3. Preference dependencies']","4767bb73-8eb9-49d9-a2bd-8e2b83c77716"]
[debug] &amp#27;[35m[BaseDriver]&amp#27;[39m Valid locator strategies for this request: xpath, id, class name, accessibility id, css selector, -android uiautomator
[debug] &amp#27;[35m[BaseDriver]&amp#27;[39m Waiting up to 10000 ms for condition
[debug] &amp#27;[35m[WD Proxy]&amp#27;[39m Matched '/element' to command name 'findElement'
[debug] &amp#27;[35m[WD Proxy]&amp#27;[39m Proxying [POST /element] to [POST http://127.0.0.1:8206/wd/hub/session/6534dbdc-22f7-434e-a44d-1ca20a14aab1/element] with body: {"strategy":"xpath","selector":"//android.widget.TextView[@text='3. Preference dependencies']","context":"","multiple":false}
[debug] &amp#27;[35m[WD Proxy]&amp#27;[39m Got response with status 200: {"sessionId":"6534dbdc-22f7-434e-a44d-1ca20a14aab1","value":{"ELEMENT":"c3b1500b-aeeb-41ee-ad01-c76d5d2526ae","element-6066-11e4-a52e-4f735466cecf":"c3b1500b-aeeb-41ee-ad01-c76d5d2526ae"}}
[debug] &amp#27;[35m[W3C (4767bb73)]&amp#27;[39m Responding to client with driver.findElement() result: {"element-6066-11e4-a52e-4f735466cecf":"c3b1500b-aeeb-41ee-ad01-c76d5d2526ae","ELEMENT":"c3b1500b-aeeb-41ee-ad01-c76d5d2526ae"}
&amp#27;[35m[HTTP]&amp#27;[39m &amp#27;[37m<-- POST /wd/hub/session/4767bb73-8eb9-49d9-a2bd-8e2b83c77716/element &amp#27;[39m&amp#27;[32m200&amp#27;[39m &amp#27;[90m45 ms - 137&amp#27;[39m
&amp#27;[35m[HTTP]&amp#27;[39m &amp#27;[90m&amp#27;[39m
&amp#27;[35m[HTTP]&amp#27;[39m &amp#27;[37m-->&amp#27;[39m &amp#27;[37mPOST&amp#27;[39m &amp#27;[37m/wd/hub/session/4767bb73-8eb9-49d9-a2bd-8e2b83c77716/element/c3b1500b-aeeb-41ee-ad01-c76d5d2526ae/click&amp#27;[39m
&amp#27;[35m[HTTP]&amp#27;[39m &amp#27;[90m{"id":"c3b1500b-aeeb-41ee-ad01-c76d5d2526ae"}&amp#27;[39m
[debug] &amp#27;[35m[W3C (4767bb73)]&amp#27;[39m Calling AppiumDriver.click() with args: ["c3b1500b-aeeb-41ee-ad01-c76d5d2526ae","4767bb73-8eb9-49d9-a2bd-8e2b83c77716"]
[debug] &amp#27;[35m[WD Proxy]&amp#27;[39m Matched '/element/c3b1500b-aeeb-41ee-ad01-c76d5d2526ae/click' to command name 'click'
[debug] &amp#27;[35m[WD Proxy]&amp#27;[39m Proxying [POST /element/c3b1500b-aeeb-41ee-ad01-c76d5d2526ae/click] to [POST http://127.0.0.1:8206/wd/hub/session/6534dbdc-22f7-434e-a44d-1ca20a14aab1/element/c3b1500b-aeeb-41ee-ad01-c76d5d2526ae/click] with body: {"element":"c3b1500b-aeeb-41ee-ad01-c76d5d2526ae"}
[debug] &amp#27;[35m[WD Proxy]&amp#27;[39m Got response with status 200: {"sessionId":"6534dbdc-22f7-434e-a44d-1ca20a14aab1","value":null}
[debug] &amp#27;[35m[W3C (4767bb73)]&amp#27;[39m Responding to client with driver.click() result: null
&amp#27;[35m[HTTP]&amp#27;[39m &amp#27;[37m<-- POST /wd/hub/session/4767bb73-8eb9-49d9-a2bd-8e2b83c77716/element/c3b1500b-aeeb-41ee-ad01-c76d5d2526ae/click &amp#27;[39m&amp#27;[32m200&amp#27;[39m &amp#27;[90m2251 ms - 14&amp#27;[39m
&amp#27;[35m[HTTP]&amp#27;[39m &amp#27;[90m&amp#27;[39m
&amp#27;[35m[HTTP]&amp#27;[39m &amp#27;[37m-->&amp#27;[39m &amp#27;[37mGET&amp#27;[39m &amp#27;[37m/wd/hub/session/4767bb73-8eb9-49d9-a2bd-8e2b83c77716&amp#27;[39m
&amp#27;[35m[HTTP]&amp#27;[39m &amp#27;[90m{}&amp#27;[39m
[debug] &amp#27;[35m[W3C (4767bb73)]&amp#27;[39m Calling AppiumDriver.getSession() with args: ["4767bb73-8eb9-49d9-a2bd-8e2b83c77716"]
[debug] &amp#27;[35m[UiAutomator2]&amp#27;[39m Getting session details from server to mix in
[debug] &amp#27;[35m[WD Proxy]&amp#27;[39m Matched '/' to command name 'getSession'
[debug] &amp#27;[35m[WD Proxy]&amp#27;[39m Proxying [GET /] to [GET http://127.0.0.1:8206/wd/hub/session/6534dbdc-22f7-434e-a44d-1ca20a14aab1] with no body
[debug] &amp#27;[35m[WD Proxy]&amp#27;[39m Got response with status 200: {"sessionId":"6534dbdc-22f7-434e-a44d-1ca20a14aab1","value":{"lastScrollData":null}}
[debug] &amp#27;[35m[W3C (4767bb73)]&amp#27;[39m Responding to client with driver.getSession() result: {"platform":"LINUX","webStorageEnabled":false,"takesScreenshot":true,"javascriptEnabled":true,"databaseEnabled":false,"networkConnectionEnabled":true,"locationContextEnabled":false,"warnings":{},"desired":{"platformName":"android","app":"C:\\Users\\Anis\\eclipse-workspace\\Appium\\src\\ApiDemos-debug.apk","deviceName":"Redmi","newCommandTimeout":14},"platformName":"android","app":"C:\\Users\\Anis\\eclipse-workspace\\Appium\\src\\ApiDemos-debug.apk","deviceName":"55272e729804","newCommandTimeout":14,"deviceUDID":"55272e729804","appPackage":"io.appium.android.apis","deviceApiLevel":24,"platformVersion":"7.0","deviceScreenSize":"1080x1920","deviceScreenDensity":480,"deviceModel":"Redmi Note 4","deviceManufacturer":"Xiaomi","pixelRatio":3,"statBarHeight":72,"viewportRect":{"left":0,"top":72,"width":1080,"height":1848},"lastScrollData":null}
&amp#27;[35m[HTTP]&amp#27;[39m &amp#27;[37m<-- GET /wd/hub/session/4767bb73-8eb9-49d9-a2bd-8e2b83c77716 &amp#27;[39m&amp#27;[32m200&amp#27;[39m &amp#27;[90m13 ms - 858&amp#27;[39m
&amp#27;[35m[HTTP]&amp#27;[39m &amp#27;[90m&amp#27;[39m
&amp#27;[35m[HTTP]&amp#27;[39m &amp#27;[37m-->&amp#27;[39m &amp#27;[37mPOST&amp#27;[39m &amp#27;[37m/wd/hub/session/4767bb73-8eb9-49d9-a2bd-8e2b83c77716/element&amp#27;[39m
&amp#27;[35m[HTTP]&amp#27;[39m &amp#27;[90m{"using":"id","value":"android:id/checkbox"}&amp#27;[39m
[debug] &amp#27;[35m[W3C (4767bb73)]&amp#27;[39m Calling AppiumDriver.findElement() with args: ["id","android:id/checkbox","4767bb73-8eb9-49d9-a2bd-8e2b83c77716"]
[debug] &amp#27;[35m[BaseDriver]&amp#27;[39m Valid locator strategies for this request: xpath, id, class name, accessibility id, css selector, -android uiautomator
[debug] &amp#27;[35m[BaseDriver]&amp#27;[39m Waiting up to 10000 ms for condition
[debug] &amp#27;[35m[WD Proxy]&amp#27;[39m Matched '/element' to command name 'findElement'
[debug] &amp#27;[35m[WD Proxy]&amp#27;[39m Proxying [POST /element] to [POST http://127.0.0.1:8206/wd/hub/session/6534dbdc-22f7-434e-a44d-1ca20a14aab1/element] with body: {"strategy":"id","selector":"android:id/checkbox","context":"","multiple":false}
[debug] &amp#27;[35m[WD Proxy]&amp#27;[39m Got response with status 200: {"sessionId":"6534dbdc-22f7-434e-a44d-1ca20a14aab1","value":{"ELEMENT":"97d607de-379d-433a-8ec8-275a9e1b03ec","element-6066-11e4-a52e-4f735466cecf":"97d607de-379d-433a-8ec8-275a9e1b03ec"}}
[debug] &amp#27;[35m[W3C (4767bb73)]&amp#27;[39m Responding to client with driver.findElement() result: {"element-6066-11e4-a52e-4f735466cecf":"97d607de-379d-433a-8ec8-275a9e1b03ec","ELEMENT":"97d607de-379d-433a-8ec8-275a9e1b03ec"}
&amp#27;[35m[HTTP]&amp#27;[39m &amp#27;[37m<-- POST /wd/hub/session/4767bb73-8eb9-49d9-a2bd-8e2b83c77716/element &amp#27;[39m&amp#27;[32m200&amp#27;[39m &amp#27;[90m41 ms - 137&amp#27;[39m
&amp#27;[35m[HTTP]&amp#27;[39m &amp#27;[90m&amp#27;[39m
&amp#27;[35m[HTTP]&amp#27;[39m &amp#27;[37m-->&amp#27;[39m &amp#27;[37mPOST&amp#27;[39m &amp#27;[37m/wd/hub/session/4767bb73-8eb9-49d9-a2bd-8e2b83c77716/element/97d607de-379d-433a-8ec8-275a9e1b03ec/click&amp#27;[39m
&amp#27;[35m[HTTP]&amp#27;[39m &amp#27;[90m{"id":"97d607de-379d-433a-8ec8-275a9e1b03ec"}&amp#27;[39m
[debug] &amp#27;[35m[W3C (4767bb73)]&amp#27;[39m Calling AppiumDriver.click() with args: ["97d607de-379d-433a-8ec8-275a9e1b03ec","4767bb73-8eb9-49d9-a2bd-8e2b83c77716"]
[debug] &amp#27;[35m[WD Proxy]&amp#27;[39m Matched '/element/97d607de-379d-433a-8ec8-275a9e1b03ec/click' to command name 'click'
[debug] &amp#27;[35m[WD Proxy]&amp#27;[39m Proxying [POST /element/97d607de-379d-433a-8ec8-275a9e1b03ec/click] to [POST http://127.0.0.1:8206/wd/hub/session/6534dbdc-22f7-434e-a44d-1ca20a14aab1/element/97d607de-379d-433a-8ec8-275a9e1b03ec/click] with body: {"element":"97d607de-379d-433a-8ec8-275a9e1b03ec"}
[debug] &amp#27;[35m[WD Proxy]&amp#27;[39m Got response with status 200: {"sessionId":"6534dbdc-22f7-434e-a44d-1ca20a14aab1","value":null}
[debug] &amp#27;[35m[W3C (4767bb73)]&amp#27;[39m Responding to client with driver.click() result: null
&amp#27;[35m[HTTP]&amp#27;[39m &amp#27;[37m<-- POST /wd/hub/session/4767bb73-8eb9-49d9-a2bd-8e2b83c77716/element/97d607de-379d-433a-8ec8-275a9e1b03ec/click &amp#27;[39m&amp#27;[32m200&amp#27;[39m &amp#27;[90m735 ms - 14&amp#27;[39m
&amp#27;[35m[HTTP]&amp#27;[39m &amp#27;[90m&amp#27;[39m
&amp#27;[35m[HTTP]&amp#27;[39m &amp#27;[37m-->&amp#27;[39m &amp#27;[37mGET&amp#27;[39m &amp#27;[37m/wd/hub/session/4767bb73-8eb9-49d9-a2bd-8e2b83c77716&amp#27;[39m
&amp#27;[35m[HTTP]&amp#27;[39m &amp#27;[90m{}&amp#27;[39m
[debug] &amp#27;[35m[W3C (4767bb73)]&amp#27;[39m Calling AppiumDriver.getSession() with args: ["4767bb73-8eb9-49d9-a2bd-8e2b83c77716"]
[debug] &amp#27;[35m[UiAutomator2]&amp#27;[39m Getting session details from server to mix in
[debug] &amp#27;[35m[WD Proxy]&amp#27;[39m Matched '/' to command name 'getSession'
[debug] &amp#27;[35m[WD Proxy]&amp#27;[39m Proxying [GET /] to [GET http://127.0.0.1:8206/wd/hub/session/6534dbdc-22f7-434e-a44d-1ca20a14aab1] with no body
[debug] &amp#27;[35m[WD Proxy]&amp#27;[39m Got response with status 200: {"sessionId":"6534dbdc-22f7-434e-a44d-1ca20a14aab1","value":{"lastScrollData":null}}
[debug] &amp#27;[35m[W3C (4767bb73)]&amp#27;[39m Responding to client with driver.getSession() result: {"platform":"LINUX","webStorageEnabled":false,"takesScreenshot":true,"javascriptEnabled":true,"databaseEnabled":false,"networkConnectionEnabled":true,"locationContextEnabled":false,"warnings":{},"desired":{"platformName":"android","app":"C:\\Users\\Anis\\eclipse-workspace\\Appium\\src\\ApiDemos-debug.apk","deviceName":"Redmi","newCommandTimeout":14},"platformName":"android","app":"C:\\Users\\Anis\\eclipse-workspace\\Appium\\src\\ApiDemos-debug.apk","deviceName":"55272e729804","newCommandTimeout":14,"deviceUDID":"55272e729804","appPackage":"io.appium.android.apis","deviceApiLevel":24,"platformVersion":"7.0","deviceScreenSize":"1080x1920","deviceScreenDensity":480,"deviceModel":"Redmi Note 4","deviceManufacturer":"Xiaomi","pixelRatio":3,"statBarHeight":72,"viewportRect":{"left":0,"top":72,"width":1080,"height":1848},"lastScrollData":null}
&amp#27;[35m[HTTP]&amp#27;[39m &amp#27;[37m<-- GET /wd/hub/session/4767bb73-8eb9-49d9-a2bd-8e2b83c77716 &amp#27;[39m&amp#27;[32m200&amp#27;[39m &amp#27;[90m14 ms - 858&amp#27;[39m
&amp#27;[35m[HTTP]&amp#27;[39m &amp#27;[90m&amp#27;[39m
&amp#27;[35m[HTTP]&amp#27;[39m &amp#27;[37m-->&amp#27;[39m &amp#27;[37mPOST&amp#27;[39m &amp#27;[37m/wd/hub/session/4767bb73-8eb9-49d9-a2bd-8e2b83c77716/element&amp#27;[39m
&amp#27;[35m[HTTP]&amp#27;[39m &amp#27;[90m{"using":"xpath","value":"(//android.widget.RelativeLayout)[2]"}&amp#27;[39m
[debug] &amp#27;[35m[W3C (4767bb73)]&amp#27;[39m Calling AppiumDriver.findElement() with args: ["xpath","(//android.widget.RelativeLayout)[2]","4767bb73-8eb9-49d9-a2bd-8e2b83c77716"]
[debug] &amp#27;[35m[BaseDriver]&amp#27;[39m Valid locator strategies for this request: xpath, id, class name, accessibility id, css selector, -android uiautomator
[debug] &amp#27;[35m[BaseDriver]&amp#27;[39m Waiting up to 10000 ms for condition
[debug] &amp#27;[35m[WD Proxy]&amp#27;[39m Matched '/element' to command name 'findElement'
[debug] &amp#27;[35m[WD Proxy]&amp#27;[39m Proxying [POST /element] to [POST http://127.0.0.1:8206/wd/hub/session/6534dbdc-22f7-434e-a44d-1ca20a14aab1/element] with body: {"strategy":"xpath","selector":"(//android.widget.RelativeLayout)[2]","context":"","multiple":false}
[debug] &amp#27;[35m[WD Proxy]&amp#27;[39m Got response with status 200: {"sessionId":"6534dbdc-22f7-434e-a44d-1ca20a14aab1","value":{"ELEMENT":"9e07bfdd-1a09-489d-943d-6561d7677892","element-6066-11e4-a52e-4f735466cecf":"9e07bfdd-1a09-489d-943d-6561d7677892"}}
[debug] &amp#27;[35m[W3C (4767bb73)]&amp#27;[39m Responding to client with driver.findElement() result: {"element-6066-11e4-a52e-4f735466cecf":"9e07bfdd-1a09-489d-943d-6561d7677892","ELEMENT":"9e07bfdd-1a09-489d-943d-6561d7677892"}
&amp#27;[35m[HTTP]&amp#27;[39m &amp#27;[37m<-- POST /wd/hub/session/4767bb73-8eb9-49d9-a2bd-8e2b83c77716/element &amp#27;[39m&amp#27;[32m200&amp#27;[39m &amp#27;[90m61 ms - 137&amp#27;[39m
&amp#27;[35m[HTTP]&amp#27;[39m &amp#27;[90m&amp#27;[39m
&amp#27;[35m[HTTP]&amp#27;[39m &amp#27;[37m-->&amp#27;[39m &amp#27;[37mPOST&amp#27;[39m &amp#27;[37m/wd/hub/session/4767bb73-8eb9-49d9-a2bd-8e2b83c77716/element/9e07bfdd-1a09-489d-943d-6561d7677892/click&amp#27;[39m
&amp#27;[35m[HTTP]&amp#27;[39m &amp#27;[90m{"id":"9e07bfdd-1a09-489d-943d-6561d7677892"}&amp#27;[39m
[debug] &amp#27;[35m[W3C (4767bb73)]&amp#27;[39m Calling AppiumDriver.click() with args: ["9e07bfdd-1a09-489d-943d-6561d7677892","4767bb73-8eb9-49d9-a2bd-8e2b83c77716"]
[debug] &amp#27;[35m[WD Proxy]&amp#27;[39m Matched '/element/9e07bfdd-1a09-489d-943d-6561d7677892/click' to command name 'click'
[debug] &amp#27;[35m[WD Proxy]&amp#27;[39m Proxying [POST /element/9e07bfdd-1a09-489d-943d-6561d7677892/click] to [POST http://127.0.0.1:8206/wd/hub/session/6534dbdc-22f7-434e-a44d-1ca20a14aab1/element/9e07bfdd-1a09-489d-943d-6561d7677892/click] with body: {"element":"9e07bfdd-1a09-489d-943d-6561d7677892"}
[debug] &amp#27;[35m[WD Proxy]&amp#27;[39m Got response with status 200: {"sessionId":"6534dbdc-22f7-434e-a44d-1ca20a14aab1","value":null}
[debug] &amp#27;[35m[W3C (4767bb73)]&amp#27;[39m Responding to client with driver.click() result: null
&amp#27;[35m[HTTP]&amp#27;[39m &amp#27;[37m<-- POST /wd/hub/session/4767bb73-8eb9-49d9-a2bd-8e2b83c77716/element/9e07bfdd-1a09-489d-943d-6561d7677892/click &amp#27;[39m&amp#27;[32m200&amp#27;[39m &amp#27;[90m1548 ms - 14&amp#27;[39m
&amp#27;[35m[HTTP]&amp#27;[39m &amp#27;[90m&amp#27;[39m
&amp#27;[35m[HTTP]&amp#27;[39m &amp#27;[37m-->&amp#27;[39m &amp#27;[37mGET&amp#27;[39m &amp#27;[37m/wd/hub/session/4767bb73-8eb9-49d9-a2bd-8e2b83c77716&amp#27;[39m
&amp#27;[35m[HTTP]&amp#27;[39m &amp#27;[90m{}&amp#27;[39m
[debug] &amp#27;[35m[W3C (4767bb73)]&amp#27;[39m Calling AppiumDriver.getSession() with args: ["4767bb73-8eb9-49d9-a2bd-8e2b83c77716"]
[debug] &amp#27;[35m[UiAutomator2]&amp#27;[39m Getting session details from server to mix in
[debug] &amp#27;[35m[WD Proxy]&amp#27;[39m Matched '/' to command name 'getSession'
[debug] &amp#27;[35m[WD Proxy]&amp#27;[39m Proxying [GET /] to [GET http://127.0.0.1:8206/wd/hub/session/6534dbdc-22f7-434e-a44d-1ca20a14aab1] with no body
[debug] &amp#27;[35m[WD Proxy]&amp#27;[39m Got response with status 200: {"sessionId":"6534dbdc-22f7-434e-a44d-1ca20a14aab1","value":{"lastScrollData":null}}
[debug] &amp#27;[35m[W3C (4767bb73)]&amp#27;[39m Responding to client with driver.getSession() result: {"platform":"LINUX","webStorageEnabled":false,"takesScreenshot":true,"javascriptEnabled":true,"databaseEnabled":false,"networkConnectionEnabled":true,"locationContextEnabled":false,"warnings":{},"desired":{"platformName":"android","app":"C:\\Users\\Anis\\eclipse-workspace\\Appium\\src\\ApiDemos-debug.apk","deviceName":"Redmi","newCommandTimeout":14},"platformName":"android","app":"C:\\Users\\Anis\\eclipse-workspace\\Appium\\src\\ApiDemos-debug.apk","deviceName":"55272e729804","newCommandTimeout":14,"deviceUDID":"55272e729804","appPackage":"io.appium.android.apis","deviceApiLevel":24,"platformVersion":"7.0","deviceScreenSize":"1080x1920","deviceScreenDensity":480,"deviceModel":"Redmi Note 4","deviceManufacturer":"Xiaomi","pixelRatio":3,"statBarHeight":72,"viewportRect":{"left":0,"top":72,"width":1080,"height":1848},"lastScrollData":null}
&amp#27;[35m[HTTP]&amp#27;[39m &amp#27;[37m<-- GET /wd/hub/session/4767bb73-8eb9-49d9-a2bd-8e2b83c77716 &amp#27;[39m&amp#27;[32m200&amp#27;[39m &amp#27;[90m13 ms - 858&amp#27;[39m
&amp#27;[35m[HTTP]&amp#27;[39m &amp#27;[90m&amp#27;[39m
&amp#27;[35m[HTTP]&amp#27;[39m &amp#27;[37m-->&amp#27;[39m &amp#27;[37mPOST&amp#27;[39m &amp#27;[37m/wd/hub/session/4767bb73-8eb9-49d9-a2bd-8e2b83c77716/element&amp#27;[39m
&amp#27;[35m[HTTP]&amp#27;[39m &amp#27;[90m{"using":"class name","value":"android.widget.EditText"}&amp#27;[39m
[debug] &amp#27;[35m[W3C (4767bb73)]&amp#27;[39m Calling AppiumDriver.findElement() with args: ["class name","android.widget.EditText","4767bb73-8eb9-49d9-a2bd-8e2b83c77716"]
[debug] &amp#27;[35m[BaseDriver]&amp#27;[39m Valid locator strategies for this request: xpath, id, class name, accessibility id, css selector, -android uiautomator
[debug] &amp#27;[35m[BaseDriver]&amp#27;[39m Waiting up to 10000 ms for condition
[debug] &amp#27;[35m[WD Proxy]&amp#27;[39m Matched '/element' to command name 'findElement'
[debug] &amp#27;[35m[WD Proxy]&amp#27;[39m Proxying [POST /element] to [POST http://127.0.0.1:8206/wd/hub/session/6534dbdc-22f7-434e-a44d-1ca20a14aab1/element] with body: {"strategy":"class name","selector":"android.widget.EditText","context":"","multiple":false}
[debug] &amp#27;[35m[WD Proxy]&amp#27;[39m Got response with status 200: {"sessionId":"6534dbdc-22f7-434e-a44d-1ca20a14aab1","value":{"ELEMENT":"4354ed9f-9226-4da9-958b-e2e837ab287a","element-6066-11e4-a52e-4f735466cecf":"4354ed9f-9226-4da9-958b-e2e837ab287a"}}
[debug] &amp#27;[35m[W3C (4767bb73)]&amp#27;[39m Responding to client with driver.findElement() result: {"element-6066-11e4-a52e-4f735466cecf":"4354ed9f-9226-4da9-958b-e2e837ab287a","ELEMENT":"4354ed9f-9226-4da9-958b-e2e837ab287a"}
&amp#27;[35m[HTTP]&amp#27;[39m &amp#27;[37m<-- POST /wd/hub/session/4767bb73-8eb9-49d9-a2bd-8e2b83c77716/element &amp#27;[39m&amp#27;[32m200&amp#27;[39m &amp#27;[90m25 ms - 137&amp#27;[39m
&amp#27;[35m[HTTP]&amp#27;[39m &amp#27;[90m&amp#27;[39m
&amp#27;[35m[HTTP]&amp#27;[39m &amp#27;[37m-->&amp#27;[39m &amp#27;[37mPOST&amp#27;[39m &amp#27;[37m/wd/hub/session/4767bb73-8eb9-49d9-a2bd-8e2b83c77716/element/4354ed9f-9226-4da9-958b-e2e837ab287a/value&amp#27;[39m
&amp#27;[35m[HTTP]&amp#27;[39m &amp#27;[90m{"id":"4354ed9f-9226-4da9-958b-e2e837ab287a","text":"hello","value":["h","e","l","l","o"]}&amp#27;[39m
[debug] &amp#27;[35m[W3C (4767bb73)]&amp#27;[39m Calling AppiumDriver.setValue() with args: [["h","e","l","l","o"],"4354ed9f-9226-4da9-958b-e2e837ab287a","4767bb73-8eb9-49d9-a2bd-8e2b83c77716"]
[debug] &amp#27;[35m[WD Proxy]&amp#27;[39m Matched '/element/4354ed9f-9226-4da9-958b-e2e837ab287a/value' to command name 'setValue'
[debug] &amp#27;[35m[Protocol Converter]&amp#27;[39m Added 'value' property ["h","e","l","l","o"] to 'setValue' request body
[debug] &amp#27;[35m[WD Proxy]&amp#27;[39m Proxying [POST /element/4354ed9f-9226-4da9-958b-e2e837ab287a/value] to [POST http://127.0.0.1:8206/wd/hub/session/6534dbdc-22f7-434e-a44d-1ca20a14aab1/element/4354ed9f-9226-4da9-958b-e2e837ab287a/value] with body: {"elementId":"4354ed9f-9226-4da9-958b-e2e837ab287a","text":"hello","replace":false,"value":["h","e","l","l","o"]}
[debug] &amp#27;[35m[WD Proxy]&amp#27;[39m Got response with status 200: {"sessionId":"6534dbdc-22f7-434e-a44d-1ca20a14aab1","value":null}
[debug] &amp#27;[35m[W3C (4767bb73)]&amp#27;[39m Responding to client with driver.setValue() result: null
&amp#27;[35m[HTTP]&amp#27;[39m &amp#27;[37m<-- POST /wd/hub/session/4767bb73-8eb9-49d9-a2bd-8e2b83c77716/element/4354ed9f-9226-4da9-958b-e2e837ab287a/value &amp#27;[39m&amp#27;[32m200&amp#27;[39m &amp#27;[90m52 ms - 14&amp#27;[39m
&amp#27;[35m[HTTP]&amp#27;[39m &amp#27;[90m&amp#27;[39m
&amp#27;[35m[HTTP]&amp#27;[39m &amp#27;[37m-->&amp#27;[39m &amp#27;[37mGET&amp#27;[39m &amp#27;[37m/wd/hub/session/4767bb73-8eb9-49d9-a2bd-8e2b83c77716&amp#27;[39m
&amp#27;[35m[HTTP]&amp#27;[39m &amp#27;[90m{}&amp#27;[39m
[debug] &amp#27;[35m[W3C (4767bb73)]&amp#27;[39m Calling AppiumDriver.getSession() with args: ["4767bb73-8eb9-49d9-a2bd-8e2b83c77716"]
[debug] &amp#27;[35m[UiAutomator2]&amp#27;[39m Getting session details from server to mix in
[debug] &amp#27;[35m[WD Proxy]&amp#27;[39m Matched '/' to command name 'getSession'
[debug] &amp#27;[35m[WD Proxy]&amp#27;[39m Proxying [GET /] to [GET http://127.0.0.1:8206/wd/hub/session/6534dbdc-22f7-434e-a44d-1ca20a14aab1] with no body
[debug] &amp#27;[35m[WD Proxy]&amp#27;[39m Got response with status 200: {"sessionId":"6534dbdc-22f7-434e-a44d-1ca20a14aab1","value":{"lastScrollData":null}}
[debug] &amp#27;[35m[W3C (4767bb73)]&amp#27;[39m Responding to client with driver.getSession() result: {"platform":"LINUX","webStorageEnabled":false,"takesScreenshot":true,"javascriptEnabled":true,"databaseEnabled":false,"networkConnectionEnabled":true,"locationContextEnabled":false,"warnings":{},"desired":{"platformName":"android","app":"C:\\Users\\Anis\\eclipse-workspace\\Appium\\src\\ApiDemos-debug.apk","deviceName":"Redmi","newCommandTimeout":14},"platformName":"android","app":"C:\\Users\\Anis\\eclipse-workspace\\Appium\\src\\ApiDemos-debug.apk","deviceName":"55272e729804","newCommandTimeout":14,"deviceUDID":"55272e729804","appPackage":"io.appium.android.apis","deviceApiLevel":24,"platformVersion":"7.0","deviceScreenSize":"1080x1920","deviceScreenDensity":480,"deviceModel":"Redmi Note 4","deviceManufacturer":"Xiaomi","pixelRatio":3,"statBarHeight":72,"viewportRect":{"left":0,"top":72,"width":1080,"height":1848},"lastScrollData":null}
&amp#27;[35m[HTTP]&amp#27;[39m &amp#27;[37m<-- GET /wd/hub/session/4767bb73-8eb9-49d9-a2bd-8e2b83c77716 &amp#27;[39m&amp#27;[32m200&amp#27;[39m &amp#27;[90m19 ms - 858&amp#27;[39m
&amp#27;[35m[HTTP]&amp#27;[39m &amp#27;[90m&amp#27;[39m
&amp#27;[35m[HTTP]&amp#27;[39m &amp#27;[37m-->&amp#27;[39m &amp#27;[37mPOST&amp#27;[39m &amp#27;[37m/wd/hub/session/4767bb73-8eb9-49d9-a2bd-8e2b83c77716/elements&amp#27;[39m
&amp#27;[35m[HTTP]&amp#27;[39m &amp#27;[90m{"using":"class name","value":"android.widget.Button"}&amp#27;[39m
[debug] &amp#27;[35m[W3C (4767bb73)]&amp#27;[39m Calling AppiumDriver.findElements() with args: ["class name","android.widget.Button","4767bb73-8eb9-49d9-a2bd-8e2b83c77716"]
[debug] &amp#27;[35m[BaseDriver]&amp#27;[39m Valid locator strategies for this request: xpath, id, class name, accessibility id, css selector, -android uiautomator
[debug] &amp#27;[35m[BaseDriver]&amp#27;[39m Waiting up to 10000 ms for condition
[debug] &amp#27;[35m[WD Proxy]&amp#27;[39m Matched '/elements' to command name 'findElements'
[debug] &amp#27;[35m[WD Proxy]&amp#27;[39m Proxying [POST /elements] to [POST http://127.0.0.1:8206/wd/hub/session/6534dbdc-22f7-434e-a44d-1ca20a14aab1/elements] with body: {"strategy":"class name","selector":"android.widget.Button","context":"","multiple":true}
[debug] &amp#27;[35m[WD Proxy]&amp#27;[39m Got response with status 200: {"sessionId":"6534dbdc-22f7-434e-a44d-1ca20a14aab1","value":[{"ELEMENT":"20449295-7c78-42fb-81e9-e2110ce17e38","element-6066-11e4-a52e-4f735466cecf":"20449295-7c78-42fb-81e9-e2110ce17e38"},{"ELEMENT":"e9aeafc7-faf2-48c7-8cdc-419376d9cc52","element-6066-11e4-a52e-4f735466cecf":"e9aeafc7-faf2-48c7-8cdc-419376d9cc52"}]}
[debug] &amp#27;[35m[W3C (4767bb73)]&amp#27;[39m Responding to client with driver.findElements() result: [{"element-6066-11e4-a52e-4f735466cecf":"20449295-7c78-42fb-81e9-e2110ce17e38","ELEMENT":"20449295-7c78-42fb-81e9-e2110ce17e38"},{"element-6066-11e4-a52e-4f735466cecf":"e9aeafc7-faf2-48c7-8cdc-419376d9cc52","ELEMENT":"e9aeafc7-faf2-48c7-8cdc-419376d9cc52"}]
&amp#27;[35m[HTTP]&amp#27;[39m &amp#27;[37m<-- POST /wd/hub/session/4767bb73-8eb9-49d9-a2bd-8e2b83c77716/elements &amp#27;[39m&amp#27;[32m200&amp#27;[39m &amp#27;[90m936 ms - 267&amp#27;[39m
&amp#27;[35m[HTTP]&amp#27;[39m &amp#27;[90m&amp#27;[39m
&amp#27;[35m[HTTP]&amp#27;[39m &amp#27;[37m-->&amp#27;[39m &amp#27;[37mPOST&amp#27;[39m &amp#27;[37m/wd/hub/session/4767bb73-8eb9-49d9-a2bd-8e2b83c77716/element/e9aeafc7-faf2-48c7-8cdc-419376d9cc52/click&amp#27;[39m
&amp#27;[35m[HTTP]&amp#27;[39m &amp#27;[90m{"id":"e9aeafc7-faf2-48c7-8cdc-419376d9cc52"}&amp#27;[39m
[debug] &amp#27;[35m[W3C (4767bb73)]&amp#27;[39m Calling AppiumDriver.click() with args: ["e9aeafc7-faf2-48c7-8cdc-419376d9cc52","4767bb73-8eb9-49d9-a2bd-8e2b83c77716"]
[debug] &amp#27;[35m[WD Proxy]&amp#27;[39m Matched '/element/e9aeafc7-faf2-48c7-8cdc-419376d9cc52/click' to command name 'click'
[debug] &amp#27;[35m[WD Proxy]&amp#27;[39m Proxying [POST /element/e9aeafc7-faf2-48c7-8cdc-419376d9cc52/click] to [POST http://127.0.0.1:8206/wd/hub/session/6534dbdc-22f7-434e-a44d-1ca20a14aab1/element/e9aeafc7-faf2-48c7-8cdc-419376d9cc52/click] with body: {"element":"e9aeafc7-faf2-48c7-8cdc-419376d9cc52"}
[debug] &amp#27;[35m[WD Proxy]&amp#27;[39m Got response with status 200: {"sessionId":"6534dbdc-22f7-434e-a44d-1ca20a14aab1","value":null}
[debug] &amp#27;[35m[W3C (4767bb73)]&amp#27;[39m Responding to client with driver.click() result: null
]]></system-out>
    <system-err><![CDATA[Jun 08, 2021 12:14:53 PM io.appium.java_client.remote.AppiumCommandExecutor$1 lambda$0
INFO: Detected dialect: W3C
]]></system-err>
  </testcase>
  <testcase name="apiDemoTest[@#$%](2)" classname="ApiDemoTest" time="7.084">
    <system-out><![CDATA[&amp#27;[35m[HTTP]&amp#27;[39m &amp#27;[37m<-- POST /wd/hub/session/4767bb73-8eb9-49d9-a2bd-8e2b83c77716/element/e9aeafc7-faf2-48c7-8cdc-419376d9cc52/click &amp#27;[39m&amp#27;[32m200&amp#27;[39m &amp#27;[90m36 ms - 14&amp#27;[39m
&amp#27;[35m[HTTP]&amp#27;[39m &amp#27;[90m&amp#27;[39m
&amp#27;[35m[Appium]&amp#27;[39m Welcome to Appium v1.21.0
&amp#27;[35m[Appium]&amp#27;[39m Appium REST http interface listener started on 0.0.0.0:4723
&amp#27;[35m[HTTP]&amp#27;[39m &amp#27;[37m-->&amp#27;[39m &amp#27;[37mGET&amp#27;[39m &amp#27;[37m/wd/hub/status&amp#27;[39m
&amp#27;[35m[HTTP]&amp#27;[39m &amp#27;[90m{}&amp#27;[39m
[debug] &amp#27;[35m[GENERIC]&amp#27;[39m Calling AppiumDriver.getStatus() with args: []
[debug] &amp#27;[35m[GENERIC]&amp#27;[39m Responding to client with driver.getStatus() result: {"build":{"version":"1.21.0"}}
&amp#27;[35m[HTTP]&amp#27;[39m &amp#27;[37m<-- GET /wd/hub/status &amp#27;[39m&amp#27;[32m200&amp#27;[39m &amp#27;[90m8 ms - 68&amp#27;[39m
&amp#27;[35m[HTTP]&amp#27;[39m &amp#27;[90m&amp#27;[39m
&amp#27;[35m[HTTP]&amp#27;[39m &amp#27;[37m-->&amp#27;[39m &amp#27;[37mPOST&amp#27;[39m &amp#27;[37m/wd/hub/session&amp#27;[39m
&amp#27;[35m[HTTP]&amp#27;[39m &amp#27;[90m{"desiredCapabilities":{"app":"C:\\Users\\Anis\\eclipse-workspace\\Appium\\src\\ApiDemos-debug.apk","platformName":"Android","deviceName":"Redmi","newCommandTimeout":14},"capabilities":{"firstMatch":[{"appium:app":"C:\\Users\\Anis\\eclipse-workspace\\Appium\\src\\ApiDemos-debug.apk","appium:deviceName":"Redmi","appium:newCommandTimeout":14,"platformName":"android"}]}}&amp#27;[39m
[debug] &amp#27;[35m[W3C]&amp#27;[39m Calling AppiumDriver.createSession() with args: [{"app":"C:\\Users\\Anis\\eclipse-workspace\\Appium\\src\\ApiDemos-debug.apk","platformName":"Android","deviceName":"Redmi","newCommandTimeout":14},null,{"firstMatch":[{"appium:app":"C:\\Users\\Anis\\eclipse-workspace\\Appium\\src\\ApiDemos-debug.apk","appium:deviceName":"Redmi","appium:newCommandTimeout":14,"platformName":"android"}]}]
[debug] &amp#27;[35m[BaseDriver]&amp#27;[39m Event 'newSessionRequested' logged at 1623134703395 (12:15:03 GMT+0530 (India Standard Time))
&amp#27;[35m[Appium]&amp#27;[39m 
&amp#27;[35m[Appium]&amp#27;[39m ======================================================================
&amp#27;[35m[Appium]&amp#27;[39m   DEPRECATION WARNING:
&amp#27;[35m[Appium]&amp#27;[39m 
&amp#27;[35m[Appium]&amp#27;[39m   The 'automationName' capability was not provided in the desired 
&amp#27;[35m[Appium]&amp#27;[39m   capabilities for this Android session
&amp#27;[35m[Appium]&amp#27;[39m 
&amp#27;[35m[Appium]&amp#27;[39m   Setting 'automationName=UiAutomator2' by default and using the 
&amp#27;[35m[Appium]&amp#27;[39m   UiAutomator2 Driver
&amp#27;[35m[Appium]&amp#27;[39m 
[...]
&amp#27;[35m[HTTP]&amp#27;[39m &amp#27;[90m{"id":"5a8f26b6-808c-4de4-85ed-2f2955d6df12"}&amp#27;[39m
[debug] &amp#27;[35m[W3C (b6fd7e0e)]&amp#27;[39m Calling AppiumDriver.click() with args: ["5a8f26b6-808c-4de4-85ed-2f2955d6df12","b6fd7e0e-71ff-4c75-8574-6cbe604cd7d5"]
[debug] &amp#27;[35m[WD Proxy]&amp#27;[39m Matched '/element/5a8f26b6-808c-4de4-85ed-2f2955d6df12/click' to command name 'click'
[debug] &amp#27;[35m[WD Proxy]&amp#27;[39m Proxying [POST /element/5a8f26b6-808c-4de4-85ed-2f2955d6df12/click] to [POST http://127.0.0.1:8208/wd/hub/session/3d8103dc-ba3f-44b6-ae9e-ffb51baee3d2/element/5a8f26b6-808c-4de4-85ed-2f2955d6df12/click] with body: {"element":"5a8f26b6-808c-4de4-85ed-2f2955d6df12"}
[debug] &amp#27;[35m[WD Proxy]&amp#27;[39m Got response with status 200: {"sessionId":"3d8103dc-ba3f-44b6-ae9e-ffb51baee3d2","value":null}
[debug] &amp#27;[35m[W3C (b6fd7e0e)]&amp#27;[39m Responding to client with driver.click() result: null
&amp#27;[35m[HTTP]&amp#27;[39m &amp#27;[37m<-- POST /wd/hub/session/b6fd7e0e-71ff-4c75-8574-6cbe604cd7d5/element/5a8f26b6-808c-4de4-85ed-2f2955d6df12/click &amp#27;[39m&amp#27;[32m200&amp#27;[39m &amp#27;[90m1159 ms - 14&amp#27;[39m
&amp#27;[35m[HTTP]&amp#27;[39m &amp#27;[90m&amp#27;[39m
&amp#27;[35m[HTTP]&amp#27;[39m &amp#27;[37m-->&amp#27;[39m &amp#27;[37mGET&amp#27;[39m &amp#27;[37m/wd/hub/session/b6fd7e0e-71ff-4c75-8574-6cbe604cd7d5&amp#27;[39m
&amp#27;[35m[HTTP]&amp#27;[39m &amp#27;[90m{}&amp#27;[39m
[debug] &amp#27;[35m[W3C (b6fd7e0e)]&amp#27;[39m Calling AppiumDriver.getSession() with args: ["b6fd7e0e-71ff-4c75-8574-6cbe604cd7d5"]
[debug] &amp#27;[35m[UiAutomator2]&amp#27;[39m Getting session details from server to mix in
[debug] &amp#27;[35m[WD Proxy]&amp#27;[39m Matched '/' to command name 'getSession'
[debug] &amp#27;[35m[WD Proxy]&amp#27;[39m Proxying [GET /] to [GET http://127.0.0.1:8208/wd/hub/session/3d8103dc-ba3f-44b6-ae9e-ffb51baee3d2] with no body
[debug] &amp#27;[35m[WD Proxy]&amp#27;[39m Got response with status 200: {"sessionId":"3d8103dc-ba3f-44b6-ae9e-ffb51baee3d2","value":{"lastScrollData":null}}
[debug] &amp#27;[35m[W3C (b6fd7e0e)]&amp#27;[39m Responding to client with driver.getSession() result: {"platform":"LINUX","webStorageEnabled":false,"takesScreenshot":true,"javascriptEnabled":true,"databaseEnabled":false,"networkConnectionEnabled":true,"locationContextEnabled":false,"warnings":{},"desired":{"platformName":"android","app":"C:\\Users\\Anis\\eclipse-workspace\\Appium\\src\\ApiDemos-debug.apk","deviceName":"Redmi","newCommandTimeout":14},"platformName":"android","app":"C:\\Users\\Anis\\eclipse-workspace\\Appium\\src\\ApiDemos-debug.apk","deviceName":"55272e729804","newCommandTimeout":14,"deviceUDID":"55272e729804","appPackage":"io.appium.android.apis","deviceApiLevel":24,"platformVersion":"7.0","deviceScreenSize":"1080x1920","deviceScreenDensity":480,"deviceModel":"Redmi Note 4","deviceManufacturer":"Xiaomi","pixelRatio":3,"statBarHeight":72,"viewportRect":{"left":0,"top":72,"width":1080,"height":1848},"lastScrollData":null}
&amp#27;[35m[HTTP]&amp#27;[39m &amp#27;[37m<-- GET /wd/hub/session/b6fd7e0e-71ff-4c75-8574-6cbe604cd7d5 &amp#27;[39m&amp#27;[32m200&amp#27;[39m &amp#27;[90m15 ms - 858&amp#27;[39m
&amp#27;[35m[HTTP]&amp#27;[39m &amp#27;[90m&amp#27;[39m
&amp#27;[35m[HTTP]&amp#27;[39m &amp#27;[37m-->&amp#27;[39m &amp#27;[37mPOST&amp#27;[39m &amp#27;[37m/wd/hub/session/b6fd7e0e-71ff-4c75-8574-6cbe604cd7d5/element&amp#27;[39m
&amp#27;[35m[HTTP]&amp#27;[39m &amp#27;[90m{"using":"id","value":"android:id/text1"}&amp#27;[39m
[debug] &amp#27;[35m[W3C (b6fd7e0e)]&amp#27;[39m Calling AppiumDriver.findElement() with args: ["id","android:id/text1","b6fd7e0e-71ff-4c75-8574-6cbe604cd7d5"]
[debug] &amp#27;[35m[BaseDriver]&amp#27;[39m Valid locator strategies for this request: xpath, id, class name, accessibility id, css selector, -android uiautomator
[debug] &amp#27;[35m[BaseDriver]&amp#27;[39m Waiting up to 10000 ms for condition
[debug] &amp#27;[35m[WD Proxy]&amp#27;[39m Matched '/element' to command name 'findElement'
[debug] &amp#27;[35m[WD Proxy]&amp#27;[39m Proxying [POST /element] to [POST http://127.0.0.1:8208/wd/hub/session/3d8103dc-ba3f-44b6-ae9e-ffb51baee3d2/element] with body: {"strategy":"id","selector":"android:id/text1","context":"","multiple":false}
[debug] &amp#27;[35m[WD Proxy]&amp#27;[39m Got response with status 200: {"sessionId":"3d8103dc-ba3f-44b6-ae9e-ffb51baee3d2","value":{"ELEMENT":"8db1970c-3bb0-403c-afa4-6f6c0b8ab496","element-6066-11e4-a52e-4f735466cecf":"8db1970c-3bb0-403c-afa4-6f6c0b8ab496"}}
[debug] &amp#27;[35m[W3C (b6fd7e0e)]&amp#27;[39m Responding to client with driver.findElement() result: {"element-6066-11e4-a52e-4f735466cecf":"8db1970c-3bb0-403c-afa4-6f6c0b8ab496","ELEMENT":"8db1970c-3bb0-403c-afa4-6f6c0b8ab496"}
&amp#27;[35m[HTTP]&amp#27;[39m &amp#27;[37m<-- POST /wd/hub/session/b6fd7e0e-71ff-4c75-8574-6cbe604cd7d5/element &amp#27;[39m&amp#27;[32m200&amp#27;[39m &amp#27;[90m25 ms - 137&amp#27;[39m
&amp#27;[35m[HTTP]&amp#27;[39m &amp#27;[90m&amp#27;[39m
&amp#27;[35m[HTTP]&amp#27;[39m &amp#27;[37m-->&amp#27;[39m &amp#27;[37mPOST&amp#27;[39m &amp#27;[37m/wd/hub/session/b6fd7e0e-71ff-4c75-8574-6cbe604cd7d5/element/8db1970c-3bb0-403c-afa4-6f6c0b8ab496/click&amp#27;[39m
&amp#27;[35m[HTTP]&amp#27;[39m &amp#27;[90m{"id":"8db1970c-3bb0-403c-afa4-6f6c0b8ab496"}&amp#27;[39m
[debug] &amp#27;[35m[W3C (b6fd7e0e)]&amp#27;[39m Calling AppiumDriver.click() with args: ["8db1970c-3bb0-403c-afa4-6f6c0b8ab496","b6fd7e0e-71ff-4c75-8574-6cbe604cd7d5"]
[debug] &amp#27;[35m[WD Proxy]&amp#27;[39m Matched '/element/8db1970c-3bb0-403c-afa4-6f6c0b8ab496/click' to command name 'click'
[debug] &amp#27;[35m[WD Proxy]&amp#27;[39m Proxying [POST /element/8db1970c-3bb0-403c-afa4-6f6c0b8ab496/click] to [POST http://127.0.0.1:8208/wd/hub/session/3d8103dc-ba3f-44b6-ae9e-ffb51baee3d2/element/8db1970c-3bb0-403c-afa4-6f6c0b8ab496/click] with body: {"element":"8db1970c-3bb0-403c-afa4-6f6c0b8ab496"}
[debug] &amp#27;[35m[WD Proxy]&amp#27;[39m Got response with status 200: {"sessionId":"3d8103dc-ba3f-44b6-ae9e-ffb51baee3d2","value":null}
[debug] &amp#27;[35m[W3C (b6fd7e0e)]&amp#27;[39m Responding to client with driver.click() result: null
&amp#27;[35m[HTTP]&amp#27;[39m &amp#27;[37m<-- POST /wd/hub/session/b6fd7e0e-71ff-4c75-8574-6cbe604cd7d5/element/8db1970c-3bb0-403c-afa4-6f6c0b8ab496/click &amp#27;[39m&amp#27;[32m200&amp#27;[39m &amp#27;[90m1906 ms - 14&amp#27;[39m
&amp#27;[35m[HTTP]&amp#27;[39m &amp#27;[90m&amp#27;[39m
&amp#27;[35m[HTTP]&amp#27;[39m &amp#27;[37m-->&amp#27;[39m &amp#27;[37mGET&amp#27;[39m &amp#27;[37m/wd/hub/session/b6fd7e0e-71ff-4c75-8574-6cbe604cd7d5&amp#27;[39m
&amp#27;[35m[HTTP]&amp#27;[39m &amp#27;[90m{}&amp#27;[39m
[debug] &amp#27;[35m[W3C (b6fd7e0e)]&amp#27;[39m Calling AppiumDriver.getSession() with args: ["b6fd7e0e-71ff-4c75-8574-6cbe604cd7d5"]
[debug] &amp#27;[35m[UiAutomator2]&amp#27;[39m Getting session details from server to mix in
[debug] &amp#27;[35m[WD Proxy]&amp#27;[39m Matched '/' to command name 'getSession'
[debug] &amp#27;[35m[WD Proxy]&amp#27;[39m Proxying [GET /] to [GET http://127.0.0.1:8208/wd/hub/session/3d8103dc-ba3f-44b6-ae9e-ffb51baee3d2] with no body
[debug] &amp#27;[35m[WD Proxy]&amp#27;[39m Got response with status 200: {"sessionId":"3d8103dc-ba3f-44b6-ae9e-ffb51baee3d2","value":{"lastScrollData":null}}
[debug] &amp#27;[35m[W3C (b6fd7e0e)]&amp#27;[39m Responding to client with driver.getSession() result: {"platform":"LINUX","webStorageEnabled":false,"takesScreenshot":true,"javascriptEnabled":true,"databaseEnabled":false,"networkConnectionEnabled":true,"locationContextEnabled":false,"warnings":{},"desired":{"platformName":"android","app":"C:\\Users\\Anis\\eclipse-workspace\\Appium\\src\\ApiDemos-debug.apk","deviceName":"Redmi","newCommandTimeout":14},"platformName":"android","app":"C:\\Users\\Anis\\eclipse-workspace\\Appium\\src\\ApiDemos-debug.apk","deviceName":"55272e729804","newCommandTimeout":14,"deviceUDID":"55272e729804","appPackage":"io.appium.android.apis","deviceApiLevel":24,"platformVersion":"7.0","deviceScreenSize":"1080x1920","deviceScreenDensity":480,"deviceModel":"Redmi Note 4","deviceManufacturer":"Xiaomi","pixelRatio":3,"statBarHeight":72,"viewportRect":{"left":0,"top":72,"width":1080,"height":1848},"lastScrollData":null}
&amp#27;[35m[HTTP]&amp#27;[39m &amp#27;[37m<-- GET /wd/hub/session/b6fd7e0e-71ff-4c75-8574-6cbe604cd7d5 &amp#27;[39m&amp#27;[32m200&amp#27;[39m &amp#27;[90m13 ms - 858&amp#27;[39m
&amp#27;[35m[HTTP]&amp#27;[39m &amp#27;[90m&amp#27;[39m
&amp#27;[35m[HTTP]&amp#27;[39m &amp#27;[37m-->&amp#27;[39m &amp#27;[37mPOST&amp#27;[39m &amp#27;[37m/wd/hub/session/b6fd7e0e-71ff-4c75-8574-6cbe604cd7d5/elements&amp#27;[39m
&amp#27;[35m[HTTP]&amp#27;[39m &amp#27;[90m{"using":"class name","value":"android.widget.Button"}&amp#27;[39m
[debug] &amp#27;[35m[W3C (b6fd7e0e)]&amp#27;[39m Calling AppiumDriver.findElements() with args: ["class name","android.widget.Button","b6fd7e0e-71ff-4c75-8574-6cbe604cd7d5"]
[debug] &amp#27;[35m[BaseDriver]&amp#27;[39m Valid locator strategies for this request: xpath, id, class name, accessibility id, css selector, -android uiautomator
[debug] &amp#27;[35m[BaseDriver]&amp#27;[39m Waiting up to 10000 ms for condition
[debug] &amp#27;[35m[WD Proxy]&amp#27;[39m Matched '/elements' to command name 'findElements'
[debug] &amp#27;[35m[WD Proxy]&amp#27;[39m Proxying [POST /elements] to [POST http://127.0.0.1:8208/wd/hub/session/3d8103dc-ba3f-44b6-ae9e-ffb51baee3d2/elements] with body: {"strategy":"class name","selector":"android.widget.Button","context":"","multiple":true}
[debug] &amp#27;[35m[WD Proxy]&amp#27;[39m Got response with status 200: {"sessionId":"3d8103dc-ba3f-44b6-ae9e-ffb51baee3d2","value":[{"ELEMENT":"0d407225-c30a-462c-a9b4-b870ecc7b4ac","element-6066-11e4-a52e-4f735466cecf":"0d407225-c30a-462c-a9b4-b870ecc7b4ac"},{"ELEMENT":"02744fbe-581f-4830-b5a5-20cd654447d0","element-6066-11e4-a52e-4f735466cecf":"02744fbe-581f-4830-b5a5-20cd654447d0"},{"ELEMENT":"88a96bea-ed96-4520-8529-05e0c7ea8a63","element-6066-11e4-a52e-4f735466cecf":"88a96bea-ed96-4520-8529-05e0c7ea8a63"},{"ELEMENT":"9a3ce076-98b2-4f54-8dc6-0d75df3a0ad5","element-6066-11e4-a52e-4f735466cecf":"9a3ce076-98b2-4f54-8dc6-0d75df3a0ad5"},{"ELEMENT":"54a7499f-fe9c-4926-9097-d79121abca10","element-6066-11e4-a52e-4f735466cecf":"54a7499f-fe9c-4926-9097-d79121abca10"},{"ELEMENT":"7541aa6a-b6f8-436a-aa44-1efa40346d8f","element-6066-11e4-a52e-4f735466cecf":"7541aa6a-b6f8-436a-aa44-1efa40346d8f"}]}
[debug] &amp#27;[35m[W3C (b6fd7e0e)]&amp#27;[39m Responding to client with driver.findElements() result: [{"element-6066-11e4-a52e-4f735466cecf":"0d407225-c30a-462c-a9b4-b870ecc7b4ac","ELEMENT":"0d407225-c30a-462c-a9b4-b870ecc7b4ac"},{"element-6066-11e4-a52e-4f735466cecf":"02744fbe-581f-4830-b5a5-20cd654447d0","ELEMENT":"02744fbe-581f-4830-b5a5-20cd654447d0"},{"element-6066-11e4-a52e-4f735466cecf":"88a96bea-ed96-4520-8529-05e0c7ea8a63","ELEMENT":"88a96bea-ed96-4520-8529-05e0c7ea8a63"},{"element-6066-11e4-a52e-4f735466cecf":"9a3ce076-98b2-4f54-8dc6-0d75df3a0ad5","ELEMENT":"9a3ce076-98b2-4f54-8dc6-0d75df3a0ad5"},{"element-6066-11e4-a52e-4f735466cecf":"54a7499f-fe9c-4926-9097-d79121abca10","ELEMENT":"54a7499f-fe9c-4926-9097-d79121abca10"},{"element-6066-11e4-a52e-4f735466cecf":"7541aa6a-b6f8-436a-aa44-1efa40346d8f","ELEMENT":"7541aa6a-b6f8-436a-aa44-1efa40346d8f"}]
&amp#27;[35m[HTTP]&amp#27;[39m &amp#27;[37m<-- POST /wd/hub/session/b6fd7e0e-71ff-4c75-8574-6cbe604cd7d5/elements &amp#27;[39m&amp#27;[32m200&amp#27;[39m &amp#27;[90m57 ms - 779&amp#27;[39m
&amp#27;[35m[HTTP]&amp#27;[39m &amp#27;[90m&amp#27;[39m
&amp#27;[35m[HTTP]&amp#27;[39m &amp#27;[37m-->&amp#27;[39m &amp#27;[37mPOST&amp#27;[39m &amp#27;[37m/wd/hub/session/b6fd7e0e-71ff-4c75-8574-6cbe604cd7d5/element/9a3ce076-98b2-4f54-8dc6-0d75df3a0ad5/click&amp#27;[39m
&amp#27;[35m[HTTP]&amp#27;[39m &amp#27;[90m{"id":"9a3ce076-98b2-4f54-8dc6-0d75df3a0ad5"}&amp#27;[39m
[debug] &amp#27;[35m[W3C (b6fd7e0e)]&amp#27;[39m Calling AppiumDriver.click() with args: ["9a3ce076-98b2-4f54-8dc6-0d75df3a0ad5","b6fd7e0e-71ff-4c75-8574-6cbe604cd7d5"]
[debug] &amp#27;[35m[WD Proxy]&amp#27;[39m Matched '/element/9a3ce076-98b2-4f54-8dc6-0d75df3a0ad5/click' to command name 'click'
[debug] &amp#27;[35m[WD Proxy]&amp#27;[39m Proxying [POST /element/9a3ce076-98b2-4f54-8dc6-0d75df3a0ad5/click] to [POST http://127.0.0.1:8208/wd/hub/session/3d8103dc-ba3f-44b6-ae9e-ffb51baee3d2/element/9a3ce076-98b2-4f54-8dc6-0d75df3a0ad5/click] with body: {"element":"9a3ce076-98b2-4f54-8dc6-0d75df3a0ad5"}
[debug] &amp#27;[35m[WD Proxy]&amp#27;[39m Got response with status 200: {"sessionId":"3d8103dc-ba3f-44b6-ae9e-ffb51baee3d2","value":null}
[debug] &amp#27;[35m[W3C (b6fd7e0e)]&amp#27;[39m Responding to client with driver.click() result: null
&amp#27;[35m[HTTP]&amp#27;[39m &amp#27;[37m<-- POST /wd/hub/session/b6fd7e0e-71ff-4c75-8574-6cbe604cd7d5/element/9a3ce076-98b2-4f54-8dc6-0d75df3a0ad5/click &amp#27;[39m&amp#27;[32m200&amp#27;[39m &amp#27;[90m29 ms - 14&amp#27;[39m
&amp#27;[35m[HTTP]&amp#27;[39m &amp#27;[90m&amp#27;[39m
&amp#27;[35m[HTTP]&amp#27;[39m &amp#27;[37m-->&amp#27;[39m &amp#27;[37mGET&amp#27;[39m &amp#27;[37m/wd/hub/session/b6fd7e0e-71ff-4c75-8574-6cbe604cd7d5&amp#27;[39m
&amp#27;[35m[HTTP]&amp#27;[39m &amp#27;[90m{}&amp#27;[39m
[debug] &amp#27;[35m[W3C (b6fd7e0e)]&amp#27;[39m Calling AppiumDriver.getSession() with args: ["b6fd7e0e-71ff-4c75-8574-6cbe604cd7d5"]
[debug] &amp#27;[35m[UiAutomator2]&amp#27;[39m Getting session details from server to mix in
[debug] &amp#27;[35m[WD Proxy]&amp#27;[39m Matched '/' to command name 'getSession'
[debug] &amp#27;[35m[WD Proxy]&amp#27;[39m Proxying [GET /] to [GET http://127.0.0.1:8208/wd/hub/session/3d8103dc-ba3f-44b6-ae9e-ffb51baee3d2] with no body
[debug] &amp#27;[35m[WD Proxy]&amp#27;[39m Got response with status 200: {"sessionId":"3d8103dc-ba3f-44b6-ae9e-ffb51baee3d2","value":{"lastScrollData":null}}
[debug] &amp#27;[35m[W3C (b6fd7e0e)]&amp#27;[39m Responding to client with driver.getSession() result: {"platform":"LINUX","webStorageEnabled":false,"takesScreenshot":true,"javascriptEnabled":true,"databaseEnabled":false,"networkConnectionEnabled":true,"locationContextEnabled":false,"warnings":{},"desired":{"platformName":"android","app":"C:\\Users\\Anis\\eclipse-workspace\\Appium\\src\\ApiDemos-debug.apk","deviceName":"Redmi","newCommandTimeout":14},"platformName":"android","app":"C:\\Users\\Anis\\eclipse-workspace\\Appium\\src\\ApiDemos-debug.apk","deviceName":"55272e729804","newCommandTimeout":14,"deviceUDID":"55272e729804","appPackage":"io.appium.android.apis","deviceApiLevel":24,"platformVersion":"7.0","deviceScreenSize":"1080x1920","deviceScreenDensity":480,"deviceModel":"Redmi Note 4","deviceManufacturer":"Xiaomi","pixelRatio":3,"statBarHeight":72,"viewportRect":{"left":0,"top":72,"width":1080,"height":1848},"lastScrollData":null}
&amp#27;[35m[HTTP]&amp#27;[39m &amp#27;[37m<-- GET /wd/hub/session/b6fd7e0e-71ff-4c75-8574-6cbe604cd7d5 &amp#27;[39m&amp#27;[32m200&amp#27;[39m &amp#27;[90m13 ms - 858&amp#27;[39m
&amp#27;[35m[HTTP]&amp#27;[39m &amp#27;[90m&amp#27;[39m
&amp#27;[35m[HTTP]&amp#27;[39m &amp#27;[37m-->&amp#27;[39m &amp#27;[37mPOST&amp#27;[39m &amp#27;[37m/wd/hub/session/b6fd7e0e-71ff-4c75-8574-6cbe604cd7d5/elements&amp#27;[39m
&amp#27;[35m[HTTP]&amp#27;[39m &amp#27;[90m{"using":"class name","value":"android.widget.Button"}&amp#27;[39m
[debug] &amp#27;[35m[W3C (b6fd7e0e)]&amp#27;[39m Calling AppiumDriver.findElements() with args: ["class name","android.widget.Button","b6fd7e0e-71ff-4c75-8574-6cbe604cd7d5"]
[debug] &amp#27;[35m[BaseDriver]&amp#27;[39m Valid locator strategies for this request: xpath, id, class name, accessibility id, css selector, -android uiautomator
[debug] &amp#27;[35m[BaseDriver]&amp#27;[39m Waiting up to 10000 ms for condition
[debug] &amp#27;[35m[WD Proxy]&amp#27;[39m Matched '/elements' to command name 'findElements'
[debug] &amp#27;[35m[WD Proxy]&amp#27;[39m Proxying [POST /elements] to [POST http://127.0.0.1:8208/wd/hub/session/3d8103dc-ba3f-44b6-ae9e-ffb51baee3d2/elements] with body: {"strategy":"class name","selector":"android.widget.Button","context":"","multiple":true}
[debug] &amp#27;[35m[WD Proxy]&amp#27;[39m Got response with status 200: {"sessionId":"3d8103dc-ba3f-44b6-ae9e-ffb51baee3d2","value":[{"ELEMENT":"1d4d2a60-e1d9-414a-a432-3f232a94aa94","element-6066-11e4-a52e-4f735466cecf":"1d4d2a60-e1d9-414a-a432-3f232a94aa94"},{"ELEMENT":"f188908b-fcf9-4605-8ff2-ea4c713c491e","element-6066-11e4-a52e-4f735466cecf":"f188908b-fcf9-4605-8ff2-ea4c713c491e"},{"ELEMENT":"d3335996-347b-4489-8c8a-9aabdc502f79","element-6066-11e4-a52e-4f735466cecf":"d3335996-347b-4489-8c8a-9aabdc502f79"},{"ELEMENT":"6da6fd70-ebf6-4357-8c46-08a3fb9b39ca","element-6066-11e4-a52e-4f735466cecf":"6da6fd70-ebf6-4357-8c46-08a3fb9b39ca"},{"ELEMENT":"46a5efbd-2a71-4fcc-aea7-6e8ff64277a6","element-6066-11e4-a52e-4f735466cecf":"46a5efbd-2a71-4fcc-aea7-6e8ff64277a6"},{"ELEMENT":"c458849c-85a9-4450-91f8-8ad5e6e0e9d7","element-6066-11e4-a52e-4f735466cecf":"c458849c-85a9-4450-91f8-8ad5e6e0e9d7"}]}
[debug] &amp#27;[35m[W3C (b6fd7e0e)]&amp#27;[39m Responding to client with driver.findElements() result: [{"element-6066-11e4-a52e-4f735466cecf":"1d4d2a60-e1d9-414a-a432-3f232a94aa94","ELEMENT":"1d4d2a60-e1d9-414a-a432-3f232a94aa94"},{"element-6066-11e4-a52e-4f735466cecf":"f188908b-fcf9-4605-8ff2-ea4c713c491e","ELEMENT":"f188908b-fcf9-4605-8ff2-ea4c713c491e"},{"element-6066-11e4-a52e-4f735466cecf":"d3335996-347b-4489-8c8a-9aabdc502f79","ELEMENT":"d3335996-347b-4489-8c8a-9aabdc502f79"},{"element-6066-11e4-a52e-4f735466cecf":"6da6fd70-ebf6-4357-8c46-08a3fb9b39ca","ELEMENT":"6da6fd70-ebf6-4357-8c46-08a3fb9b39ca"},{"element-6066-11e4-a52e-4f735466cecf":"46a5efbd-2a71-4fcc-aea7-6e8ff64277a6","ELEMENT":"46a5efbd-2a71-4fcc-aea7-6e8ff64277a6"},{"element-6066-11e4-a52e-4f735466cecf":"c458849c-85a9-4450-91f8-8ad5e6e0e9d7","ELEMENT":"c458849c-85a9-4450-91f8-8ad5e6e0e9d7"}]
&amp#27;[35m[HTTP]&amp#27;[39m &amp#27;[37m<-- POST /wd/hub/session/b6fd7e0e-71ff-4c75-8574-6cbe604cd7d5/elements &amp#27;[39m&amp#27;[32m200&amp#27;[39m &amp#27;[90m32 ms - 779&amp#27;[39m
&amp#27;[35m[HTTP]&amp#27;[39m &amp#27;[90m&amp#27;[39m
&amp#27;[35m[HTTP]&amp#27;[39m &amp#27;[37m-->&amp#27;[39m &amp#27;[37mPOST&amp#27;[39m &amp#27;[37m/wd/hub/session/b6fd7e0e-71ff-4c75-8574-6cbe604cd7d5/element/46a5efbd-2a71-4fcc-aea7-6e8ff64277a6/click&amp#27;[39m
&amp#27;[35m[HTTP]&amp#27;[39m &amp#27;[90m{"id":"46a5efbd-2a71-4fcc-aea7-6e8ff64277a6"}&amp#27;[39m
[debug] &amp#27;[35m[W3C (b6fd7e0e)]&amp#27;[39m Calling AppiumDriver.click() with args: ["46a5efbd-2a71-4fcc-aea7-6e8ff64277a6","b6fd7e0e-71ff-4c75-8574-6cbe604cd7d5"]
[debug] &amp#27;[35m[WD Proxy]&amp#27;[39m Matched '/element/46a5efbd-2a71-4fcc-aea7-6e8ff64277a6/click' to command name 'click'
[debug] &amp#27;[35m[WD Proxy]&amp#27;[39m Proxying [POST /element/46a5efbd-2a71-4fcc-aea7-6e8ff64277a6/click] to [POST http://127.0.0.1:8208/wd/hub/session/3d8103dc-ba3f-44b6-ae9e-ffb51baee3d2/element/46a5efbd-2a71-4fcc-aea7-6e8ff64277a6/click] with body: {"element":"46a5efbd-2a71-4fcc-aea7-6e8ff64277a6"}
[debug] &amp#27;[35m[WD Proxy]&amp#27;[39m Got response with status 200: {"sessionId":"3d8103dc-ba3f-44b6-ae9e-ffb51baee3d2","value":null}
[debug] &amp#27;[35m[W3C (b6fd7e0e)]&amp#27;[39m Responding to client with driver.click() result: null
&amp#27;[35m[HTTP]&amp#27;[39m &amp#27;[37m<-- POST /wd/hub/session/b6fd7e0e-71ff-4c75-8574-6cbe604cd7d5/element/46a5efbd-2a71-4fcc-aea7-6e8ff64277a6/click &amp#27;[39m&amp#27;[32m200&amp#27;[39m &amp#27;[90m26 ms - 14&amp#27;[39m
&amp#27;[35m[HTTP]&amp#27;[39m &amp#27;[90m&amp#27;[39m
]]></system-out>
    <system-err><![CDATA[Jun 08, 2021 12:15:55 PM io.appium.java_client.remote.AppiumCommandExecutor$1 lambda$0
INFO: Detected dialect: W3C
]]></system-err>
  </testcase>
</testsuite>