<?xml version="1.0" encoding="UTF-8"?>
<testsuite xmlns:xsi="http://www.w3.org/2001/XMLSchema-instance" xsi:noNamespaceSchemaLocation="https://maven.apache.org/surefire/maven-surefire-plugin/xsd/surefire-test-report-3.0.xsd" version="3.0" name="TestSuite" time="96.844" tests="22" errors="0" skipped="18" failures="2">
  <properties>
[...]
</properties>
  <testcase name="apiDemoTest[hello](1)" classname="ApiDemoTest" time="10.964">
    <system-out><![CDATA[[TestNGContentHandler] [WARN] It is strongly recommended to add "<!DOCTYPE suite SYSTEM "http://testng.org/testng-1.0.dtd" >" at the top of your file, otherwise TestNG may fail or not work as expected.
]]></system-out>
    <system-err><![CDATA[Jun 17, 2021 7:28:19 PM io.appium.java_client.remote.AppiumCommandExecutor$1 lambda$0
INFO: Detected dialect: W3C
]]></system-err>
  </testcase>
  <testcase name="stopService" classname="ApiDemoTest" time="10.968">
    <failure type="java.lang.NullPointerException"><![CDATA[java.lang.NullPointerException
]]></failure>
  </testcase>
  <testcase name="stopService" classname="ApiDemoTest" time="0">
    <skipped/>
  </testcase>
  <testcase name="stopService" classname="ApiDemoTest" time="0">
    <skipped/>
  </testcase>
  <testcase name="stopService" classname="ApiDemoTest" time="0">
    <skipped/>
  </testcase>
  <testcase name="setUp" classname="ApiDemoTest" time="0">
    <skipped/>
  </testcase>
  <testcase name="setUp" classname="ApiDemoTest" time="0">
    <skipped/>
  </testcase>
  <testcase name="setUp" classname="ApiDemoTest" time="0">
    <skipped/>
  </testcase>
  <testcase name="apiDemoTest" classname="ApiDemoTest" time="0">
    <skipped/>
  </testcase>
  <testcase name="contentTest" classname="ApiDemoTest" time="0">
    <skipped/>
  </testcase>
  <testcase name="osTest" classname="ApiDemoTest" time="0">
    <skipped/>
  </testcase>
  <testcase name="popUpMenu" classname="ApiDemoTest2" time="24.421">
    <system-err><![CDATA[Jun 17, 2021 7:28:57 PM io.appium.java_client.remote.AppiumCommandExecutor$1 lambda$0
INFO: Detected dialect: W3C
]]></system-err>
  </testcase>
  <testcase name="stopService" classname="ApiDemoTest2" time="24.421">
    <failure type="java.lang.NullPointerException"><![CDATA[java.lang.NullPointerException
]]></failure>
  </testcase>
  <testcase name="stopService" classname="ApiDemoTest2" time="0">
    <skipped/>
  </testcase>
  <testcase name="stopService" classname="ApiDemoTest2" time="0">
    <skipped/>
  </testcase>
  <testcase name="stopService" classname="ApiDemoTest2" time="0">
    <skipped/>
  </testcase>
  <testcase name="setUp" classname="ApiDemoTest2" time="0">
    <skipped/>
  </testcase>
  <testcase name="setUp" classname="ApiDemoTest2" time="0">
    <skipped/>
  </testcase>
  <testcase name="setUp" classname="ApiDemoTest2" time="0">
    <skipped/>
  </testcase>
  <testcase name="rotatingButton" classname="ApiDemoTest2" time="0">
    <skipped/>
  </testcase>
  <testcase name="scrolling" classname="ApiDemoTest2" time="0">
    <skipped/>
  </testcase>
  <testcase name="viewsTest" classname="ApiDemoTest2" time="0">
    <skipped/>
  </testcase>
</testsuite>