<?xml version="1.0" encoding="UTF-8"?>
<testng-results ignored="0" total="3" passed="3" failed="0" skipped="0">
  <reporter-output>
  </reporter-output>
  <suite started-at="2021-06-08T06:44:26Z" name="Suite" finished-at="2021-06-08T06:46:01Z" duration-ms="95561">
    <groups>
    </groups>
    <test started-at="2021-06-08T06:44:26Z" name="Test" finished-at="2021-06-08T06:46:01Z" duration-ms="95561">
      <class name="ApiDemoTest">
        <test-method is-config="true" signature="setUp()[pri:0, instance:ApiDemoTest@7e5c856f]" started-at="2021-06-08T06:44:26Z" name="setUp" finished-at="2021-06-08T06:44:53Z" duration-ms="27194" status="PASS">
          <reporter-output>
          </reporter-output>
        </test-method> <!-- setUp -->
        <test-method signature="apiDemoTest(java.lang.String)[pri:0, instance:ApiDemoTest@7e5c856f]" started-at="2021-06-08T06:44:53Z" name="apiDemoTest" data-provider="InputData" finished-at="2021-06-08T06:45:01Z" duration-ms="8052" status="PASS">
          <params>
            <param index="0">
              <value>
                <![CDATA[hello]]>
              </value>
            </param>
          </params>
          <reporter-output>
          </reporter-output>
        </test-method> <!-- apiDemoTest -->
        <test-method is-config="true" signature="stopService()[pri:0, instance:ApiDemoTest@7e5c856f]" started-at="2021-06-08T06:45:01Z" name="stopService" finished-at="2021-06-08T06:45:01Z" duration-ms="66" status="PASS">
          <reporter-output>
          </reporter-output>
        </test-method> <!-- stopService -->
        <test-method is-config="true" signature="setUp()[pri:0, instance:ApiDemoTest@7e5c856f]" started-at="2021-06-08T06:45:01Z" name="setUp" finished-at="2021-06-08T06:45:24Z" duration-ms="23463" status="PASS">
          <reporter-output>
          </reporter-output>
        </test-method> <!-- setUp -->
        <test-method signature="apiDemoTest(java.lang.String)[pri:0, instance:ApiDemoTest@7e5c856f]" started-at="2021-06-08T06:45:24Z" name="apiDemoTest" data-provider="InputData" finished-at="2021-06-08T06:45:31Z" duration-ms="7170" status="PASS">
          <params>
            <param index="0">
              <value>
                <![CDATA[@#$%]]>
              </value>
            </param>
          </params>
          <reporter-output>
          </reporter-output>
        </test-method> <!-- apiDemoTest -->
        <test-method is-config="true" signature="stopService()[pri:0, instance:ApiDemoTest@7e5c856f]" started-at="2021-06-08T06:45:31Z" name="stopService" finished-at="2021-06-08T06:45:32Z" duration-ms="65" status="PASS">
          <reporter-output>
          </reporter-output>
        </test-method> <!-- stopService -->
      </class> <!-- ApiDemoTest -->
      <class name="ContentTest">
        <test-method is-config="true" signature="setUp()[pri:0, instance:ContentTest@413f69cc]" started-at="2021-06-08T06:45:32Z" name="setUp" finished-at="2021-06-08T06:45:55Z" duration-ms="23656" status="PASS">
          <reporter-output>
          </reporter-output>
        </test-method> <!-- setUp -->
        <test-method signature="contentTest()[pri:0, instance:ContentTest@413f69cc]" started-at="2021-06-08T06:45:55Z" name="contentTest" finished-at="2021-06-08T06:46:01Z" duration-ms="5798" status="PASS">
          <reporter-output>
          </reporter-output>
        </test-method> <!-- contentTest -->
        <test-method is-config="true" signature="stopService()[pri:0, instance:ContentTest@413f69cc]" started-at="2021-06-08T06:46:01Z" name="stopService" finished-at="2021-06-08T06:46:01Z" duration-ms="64" status="PASS">
          <reporter-output>
          </reporter-output>
        </test-method> <!-- stopService -->
      </class> <!-- ContentTest -->
    </test> <!-- Test -->
  </suite> <!-- Suite -->
</testng-results>
