<?xml version="1.0" encoding="UTF-8"?>
<testng-results ignored="0" total="2" passed="2" failed="0" skipped="0">
  <reporter-output>
  </reporter-output>
  <suite started-at="2021-06-04T05:36:04Z" name="Default suite" finished-at="2021-06-04T05:37:54Z" duration-ms="110589">
    <groups>
    </groups>
    <test started-at="2021-06-04T05:36:04Z" name="Default test" finished-at="2021-06-04T05:37:54Z" duration-ms="110589">
      <class name="tests.ApiDemoTest">
        <test-method signature="apiDemoTest(java.lang.String)[pri:0, instance:tests.ApiDemoTest@38604b81]" started-at="2021-06-04T05:36:04Z" name="apiDemoTest" data-provider="InputData" finished-at="2021-06-04T05:37:15Z" duration-ms="71233" status="PASS">
          <params>
            <param index="0">
              <value>
                <![CDATA[hello]]>
              </value>
            </param>
          </params>
          <reporter-output>
          </reporter-output>
        </test-method> <!-- apiDemoTest -->
        <test-method signature="apiDemoTest(java.lang.String)[pri:0, instance:tests.ApiDemoTest@38604b81]" started-at="2021-06-04T05:37:15Z" name="apiDemoTest" data-provider="InputData" finished-at="2021-06-04T05:37:54Z" duration-ms="39328" status="PASS">
          <params>
            <param index="0">
              <value>
                <![CDATA[@#$%]]>
              </value>
            </param>
          </params>
          <reporter-output>
          </reporter-output>
        </test-method> <!-- apiDemoTest -->
      </class> <!-- tests.ApiDemoTest -->
    </test> <!-- Default test -->
  </suite> <!-- Default suite -->
</testng-results>
